[35m[Appium][39m Available drivers:
[35m[Appium][39m   - uiautomator2@2.12.0 (automationName 'UiAutomator2')
[35m[Appium][39m No plugins have been installed. Use the "appium plugin" command to install the one(s) you want to use.
[38;5;0m[HTTP][0m [37m-->[39m [37mPOST[39m [37m/session[39m
[38;5;0m[HTTP][0m [90m{"capabilities":{"alwaysMatch":{"platformName":"Android","appium:automationName":"UiAutomator2","appium:deviceName":"2203121C","appium:platformVersion":"9.0","appium:app":"E:\\TugasAkhir\\test\\apk\\Diet_meal.apk","appium:appPackage":"com.fghilmany.dietmealapp","appium:appActivity":"com.fghilmany.dietmealapp.ui.main.MainActivity","appium:noReset":true,"appium:forceAppLaunch":true},"firstMatch":[{}]},"desiredCapabilities":{"platformName":"Android","appium:automationName":"UiAutomator2","appium:deviceName":"2203121C","appium:platformVersion":"9.0","appium:app":"E:\\TugasAkhir\\test\\apk\\Diet_meal.apk","appium:appPackage":"com.fghilmany.dietmealapp","appium:appActivity":"com.fghilmany.dietmealapp.ui.main.MainActivity","appium:noReset":true,"appium:forceAppLaunch":true}}[39m
[debug] [38;5;16m[AppiumDriver@b91b][0m Calling AppiumDriver.createSession() with args: [{"platformName":"Android","appium:automationName":"UiAutomator2","appium:deviceName":"2203121C","appium:platformVersion":"9.0","appium:app":"E:\\TugasAkhir\\test\\apk\\Diet_meal.apk","appium:appPackage":"com.fghilmany.dietmealapp","appium:appActivity":"com.fghilmany.dietmealapp.ui.main.MainActivity","appium:noReset":true,"appium:forceAppLaunch":true},null,{"alwaysMatch":{"platformName":"Android","appium:automationName":"UiAutomator2","appium:deviceName":"2203121C","appium:platformVersion":"9.0","appium:app":"E:\\TugasAkhir\\test\\apk\\Diet_meal.apk","appium:appPackage":"com.fghilmany.dietmealapp","appium:appActivity":"com.fghilmany.dietmealapp.ui.main.MainActivity","appium:noReset":true,"appium:forceAppLaunch":true},"firstMatch":[{}]}]
[debug] [38;5;16m[AppiumDriver@b91b][0m Event 'newSessionRequested' logged at 1677292577470 (09:36:17 GMT+0700 (Western Indonesia Time))
[35m[Appium][39m Attempting to find matching driver for automationName 'UiAutomator2' and platformName 'Android'
[35m[Appium][39m The 'uiautomator2' driver was installed and matched caps.
[35m[Appium][39m Will require it at E:/TugasAkhir/node_modules/appium-uiautomator2-driver
[debug] [35m[Appium][39m Requiring driver at E:/TugasAkhir/node_modules/appium-uiautomator2-driver
[38;5;16m[AppiumDriver@b91b][0m Appium v2.0.0-beta.48 creating new AndroidUiautomator2Driver (v2.12.0) session
[38;5;16m[AppiumDriver@b91b][0m Checking BaseDriver versions for Appium and AndroidUiautomator2Driver
[38;5;16m[AppiumDriver@b91b][0m Appium's BaseDriver version is 9.1.0
[38;5;16m[AppiumDriver@b91b][0m AndroidUiautomator2Driver's BaseDriver version is 9.1.0
[debug] [38;5;32m[AndroidUiautomator2Driver@e6f8][0m Creating session with W3C capabilities: {
[debug] [38;5;32m[AndroidUiautomator2Driver@e6f8][0m   "alwaysMatch": {
[debug] [38;5;32m[AndroidUiautomator2Driver@e6f8][0m     "platformName": "Android",
[debug] [38;5;32m[AndroidUiautomator2Driver@e6f8][0m     "appium:automationName": "UiAutomator2",
[debug] [38;5;32m[AndroidUiautomator2Driver@e6f8][0m     "appium:deviceName": "2203121C",
[debug] [38;5;32m[AndroidUiautomator2Driver@e6f8][0m     "appium:platformVersion": "9.0",
[debug] [38;5;32m[AndroidUiautomator2Driver@e6f8][0m     "appium:app": "E:\\TugasAkhir\\test\\apk\\Diet_meal.apk",
[debug] [38;5;32m[AndroidUiautomator2Driver@e6f8][0m     "appium:appPackage": "com.fghilmany.dietmealapp",
[debug] [38;5;32m[AndroidUiautomator2Driver@e6f8][0m     "appium:appActivity": "com.fghilmany.dietmealapp.ui.main.MainActivity",
[debug] [38;5;32m[AndroidUiautomator2Driver@e6f8][0m     "appium:noReset": true,
[debug] [38;5;32m[AndroidUiautomator2Driver@e6f8][0m     "appium:forceAppLaunch": true
[debug] [38;5;32m[AndroidUiautomator2Driver@e6f8][0m   },
[debug] [38;5;32m[AndroidUiautomator2Driver@e6f8][0m   "firstMatch": [
[debug] [38;5;32m[AndroidUiautomator2Driver@e6f8][0m     {}
[debug] [38;5;32m[AndroidUiautomator2Driver@e6f8][0m   ]
[debug] [38;5;32m[AndroidUiautomator2Driver@e6f8][0m }
[38;5;32m[AndroidUiautomator2Driver@e6f8 (91b163e0)][0m Session created with session id: 91b163e0-b3d0-4a79-b831-68188bc388a4
[38;5;48m[BaseDriver][0m Using local app 'E:\TugasAkhir\test\apk\Diet_meal.apk'
[debug] [38;5;32m[AndroidUiautomator2Driver@e6f8 (91b163e0)][0m Checking whether app is actually present
[38;5;64m[ADB][0m Found 1 'build-tools' folders under 'C:\Users\Asus\AppData\Local\Android\Sdk' (newest first):
[38;5;64m[ADB][0m     C:/Users/Asus/AppData/Local/Android/Sdk/build-tools/33.0.2
[38;5;64m[ADB][0m Using 'adb.exe' from 'C:\Users\Asus\AppData\Local\Android\Sdk\platform-tools\adb.exe'
[debug] [38;5;64m[ADB][0m Running 'C:\Users\Asus\AppData\Local\Android\Sdk\platform-tools\adb.exe -P 5037 start-server'
[38;5;80m[AndroidDriver][0m Retrieving device list
[debug] [38;5;64m[ADB][0m Trying to find a connected android device
[debug] [38;5;64m[ADB][0m Getting connected devices
[debug] [38;5;64m[ADB][0m Connected devices: [{"udid":"emulator-5554","state":"device"}]
[38;5;80m[AndroidDriver][0m Looking for a device with Android '9.0.0'
[debug] [38;5;64m[ADB][0m Setting device id to emulator-5554
[38;5;64m[ADB][0m Getting device platform version
[debug] [38;5;64m[ADB][0m Running 'C:\Users\Asus\AppData\Local\Android\Sdk\platform-tools\adb.exe -P 5037 -s emulator-5554 shell getprop ro.build.version.release'
[debug] [38;5;64m[ADB][0m Current device property 'ro.build.version.release': 9
[38;5;80m[AndroidDriver][0m Using device: emulator-5554
[38;5;64m[ADB][0m Using 'adb.exe' from 'C:\Users\Asus\AppData\Local\Android\Sdk\platform-tools\adb.exe'
[debug] [38;5;64m[ADB][0m Running 'C:\Users\Asus\AppData\Local\Android\Sdk\platform-tools\adb.exe -P 5037 start-server'
[debug] [38;5;64m[ADB][0m Setting device id to emulator-5554
[debug] [38;5;64m[ADB][0m Running 'C:\Users\Asus\AppData\Local\Android\Sdk\platform-tools\adb.exe -P 5037 -s emulator-5554 shell getprop ro.build.version.sdk'
[debug] [38;5;64m[ADB][0m Current device property 'ro.build.version.sdk': 28
[38;5;64m[ADB][0m Getting device platform version
[debug] [38;5;64m[ADB][0m Running 'C:\Users\Asus\AppData\Local\Android\Sdk\platform-tools\adb.exe -P 5037 -s emulator-5554 shell getprop ro.build.version.release'
[debug] [38;5;64m[ADB][0m Current device property 'ro.build.version.release': 9
[debug] [38;5;64m[ADB][0m Device API level: 28
[38;5;32m[AndroidUiautomator2Driver@e6f8 (91b163e0)][0m Relaxing hidden api policy
[debug] [38;5;64m[ADB][0m Running 'C:\Users\Asus\AppData\Local\Android\Sdk\platform-tools\adb.exe -P 5037 -s emulator-5554 shell 'settings put global hidden_api_policy_pre_p_apps 1;settings put global hidden_api_policy_p_apps 1;settings put global hidden_api_policy 1''
[debug] [38;5;64m[ADB][0m Running 'C:\Users\Asus\AppData\Local\Android\Sdk\platform-tools\adb.exe -P 5037 -s emulator-5554 wait-for-device'
[debug] [38;5;64m[ADB][0m Running 'C:\Users\Asus\AppData\Local\Android\Sdk\platform-tools\adb.exe -P 5037 -s emulator-5554 shell echo ping'
[debug] [38;5;80m[AndroidDriver][0m Pushing settings apk to device...
[debug] [38;5;64m[ADB][0m Getting install status for io.appium.settings
[debug] [38;5;64m[ADB][0m Running 'C:\Users\Asus\AppData\Local\Android\Sdk\platform-tools\adb.exe -P 5037 -s emulator-5554 shell dumpsys package io.appium.settings'
[debug] [38;5;64m[ADB][0m 'io.appium.settings' is installed
[debug] [38;5;64m[ADB][0m Getting package info for 'io.appium.settings'
[debug] [38;5;64m[ADB][0m Running 'C:\Users\Asus\AppData\Local\Android\Sdk\platform-tools\adb.exe -P 5037 -s emulator-5554 shell dumpsys package io.appium.settings'
[debug] [38;5;64m[ADB][0m The version name of the installed 'io.appium.settings' is greater or equal to the application version name ('4.2.4' >= '4.2.4')
[debug] [38;5;64m[ADB][0m There is no need to install/upgrade 'E:\TugasAkhir\node_modules\appium-uiautomator2-driver\node_modules\io.appium.settings\apks\settings_apk-debug.apk'
[debug] [38;5;64m[ADB][0m Getting IDs of all 'io.appium.settings' processes
[debug] [38;5;64m[ADB][0m Running 'C:\Users\Asus\AppData\Local\Android\Sdk\platform-tools\adb.exe -P 5037 -s emulator-5554 shell 'pgrep --help; echo $?''
[debug] [38;5;64m[ADB][0m Running 'C:\Users\Asus\AppData\Local\Android\Sdk\platform-tools\adb.exe -P 5037 -s emulator-5554 shell pgrep -f \(\[\[:blank:\]\]\|\^\)io\.appium\.settings\(\[\[:blank:\]\]\|\$\)'
[debug] [38;5;80m[AndroidDriver][0m io.appium.settings is already running. There is no need to reset its permissions.
[debug] [38;5;96m[Logcat][0m Starting logs capture with command: C:\\Users\\Asus\\AppData\\Local\\Android\\Sdk\\platform-tools\\adb.exe -P 5037 -s emulator-5554 logcat -v threadtime
[debug] [38;5;32m[AndroidUiautomator2Driver@e6f8 (91b163e0)][0m Forwarding UiAutomator2 Server port 6790 to local port 8200
[debug] [38;5;64m[ADB][0m Forwarding system: 8200 to device: 6790
[debug] [38;5;64m[ADB][0m Running 'C:\Users\Asus\AppData\Local\Android\Sdk\platform-tools\adb.exe -P 5037 -s emulator-5554 forward tcp:8200 tcp:6790'
[debug] [38;5;64m[ADB][0m Getting install status for io.appium.uiautomator2.server
[debug] [38;5;64m[ADB][0m Running 'C:\Users\Asus\AppData\Local\Android\Sdk\platform-tools\adb.exe -P 5037 -s emulator-5554 shell dumpsys package io.appium.uiautomator2.server'
[debug] [38;5;64m[ADB][0m 'io.appium.uiautomator2.server' is installed
[debug] [38;5;64m[ADB][0m Getting package info for 'io.appium.uiautomator2.server'
[debug] [38;5;64m[ADB][0m Running 'C:\Users\Asus\AppData\Local\Android\Sdk\platform-tools\adb.exe -P 5037 -s emulator-5554 shell dumpsys package io.appium.uiautomator2.server'
[debug] [38;5;64m[ADB][0m The version name of the installed 'io.appium.uiautomator2.server' is greater or equal to the application version name ('5.7.5' >= '5.7.5')
[debug] [38;5;32m[AndroidUiautomator2Driver@e6f8 (91b163e0)][0m io.appium.uiautomator2.server installation state: sameVersionInstalled
[debug] [38;5;64m[ADB][0m Checking app cert for E:\TugasAkhir\node_modules\appium-uiautomator2-driver\node_modules\appium-uiautomator2-server\apks\appium-uiautomator2-server-v5.7.5.apk
[38;5;64m[ADB][0m Using 'apksigner.jar' from 'C:\Users\Asus\AppData\Local\Android\Sdk\build-tools\33.0.2\lib\apksigner.jar'
[debug] [38;5;64m[ADB][0m Starting apksigner: 'C:\\Program Files\\Java\\jdk-17\\bin\\java.exe' -Xmx1024M -Xss1m -jar C:\\Users\\Asus\\AppData\\Local\\Android\\Sdk\\build-tools\\33.0.2\\lib\\apksigner.jar verify --print-certs E:\\TugasAkhir\\node_modules\\appium-uiautomator2-driver\\node_modules\\appium-uiautomator2-server\\apks\\appium-uiautomator2-server-v5.7.5.apk
[debug] [38;5;64m[ADB][0m apksigner stdout: Signer #1 certificate DN: EMAILADDRESS=android@android.com, CN=Android, OU=Android, O=Android, L=Mountain View, ST=California, C=US
[debug] [38;5;64m[ADB][0m Signer #1 certificate SHA-256 digest: a40da80a59d170caa950cf15c18c454d47a39b26989d8b640ecd745ba71bf5dc
[debug] [38;5;64m[ADB][0m Signer #1 certificate SHA-1 digest: 61ed377e85d386a8dfee6b864bd85b0bfaa5af81
[debug] [38;5;64m[ADB][0m Signer #1 certificate MD5 digest: e89b158e4bcf988ebd09eb83f5378e87
[debug] [38;5;64m[ADB][0m 
[debug] [38;5;64m[ADB][0m sha256 hash did match for 'appium-uiautomator2-server-v5.7.5.apk'
[38;5;64m[ADB][0m 'E:\TugasAkhir\node_modules\appium-uiautomator2-driver\node_modules\appium-uiautomator2-server\apks\appium-uiautomator2-server-v5.7.5.apk' is signed with the default certificate
[debug] [38;5;64m[ADB][0m Getting install status for io.appium.uiautomator2.server.test
[debug] [38;5;64m[ADB][0m Running 'C:\Users\Asus\AppData\Local\Android\Sdk\platform-tools\adb.exe -P 5037 -s emulator-5554 shell dumpsys package io.appium.uiautomator2.server.test'
[debug] [38;5;64m[ADB][0m 'io.appium.uiautomator2.server.test' is installed
[debug] [38;5;64m[ADB][0m Checking app cert for E:\TugasAkhir\node_modules\appium-uiautomator2-driver\node_modules\appium-uiautomator2-server\apks\appium-uiautomator2-server-debug-androidTest.apk
[debug] [38;5;64m[ADB][0m Starting apksigner: 'C:\\Program Files\\Java\\jdk-17\\bin\\java.exe' -Xmx1024M -Xss1m -jar C:\\Users\\Asus\\AppData\\Local\\Android\\Sdk\\build-tools\\33.0.2\\lib\\apksigner.jar verify --print-certs E:\\TugasAkhir\\node_modules\\appium-uiautomator2-driver\\node_modules\\appium-uiautomator2-server\\apks\\appium-uiautomator2-server-debug-androidTest.apk
[debug] [38;5;64m[ADB][0m apksigner stdout: Signer #1 certificate DN: EMAILADDRESS=android@android.com, CN=Android, OU=Android, O=Android, L=Mountain View, ST=California, C=US
[debug] [38;5;64m[ADB][0m Signer #1 certificate SHA-256 digest: a40da80a59d170caa950cf15c18c454d47a39b26989d8b640ecd745ba71bf5dc
[debug] [38;5;64m[ADB][0m Signer #1 certificate SHA-1 digest: 61ed377e85d386a8dfee6b864bd85b0bfaa5af81
[debug] [38;5;64m[ADB][0m Signer #1 certificate MD5 digest: e89b158e4bcf988ebd09eb83f5378e87
[debug] [38;5;64m[ADB][0m 
[debug] [38;5;64m[ADB][0m sha256 hash did match for 'appium-uiautomator2-server-debug-androidTest.apk'
[38;5;64m[ADB][0m 'E:\TugasAkhir\node_modules\appium-uiautomator2-driver\node_modules\appium-uiautomator2-server\apks\appium-uiautomator2-server-debug-androidTest.apk' is signed with the default certificate
[38;5;32m[AndroidUiautomator2Driver@e6f8 (91b163e0)][0m Server packages are not going to be (re)installed
[debug] [38;5;32m[AndroidUiautomator2Driver@e6f8 (91b163e0)][0m Waiting up to 30000ms for services to be available
[debug] [38;5;64m[ADB][0m Running 'C:\Users\Asus\AppData\Local\Android\Sdk\platform-tools\adb.exe -P 5037 -s emulator-5554 shell pm list instrumentation'
[debug] [38;5;32m[AndroidUiautomator2Driver@e6f8 (91b163e0)][0m Instrumentation target 'io.appium.uiautomator2.server.test/androidx.test.runner.AndroidJUnitRunner' is available
[38;5;64m[ADB][0m Adding packages ["io.appium.settings","io.appium.uiautomator2.server","io.appium.uiautomator2.server.test"] to Doze whitelist
[debug] [38;5;64m[ADB][0m Got the following command chunks to execute: [["dumpsys","deviceidle","whitelist","+io.appium.settings",";","dumpsys","deviceidle","whitelist","+io.appium.uiautomator2.server",";","dumpsys","deviceidle","whitelist","+io.appium.uiautomator2.server.test",";"]]
[debug] [38;5;64m[ADB][0m Running 'C:\Users\Asus\AppData\Local\Android\Sdk\platform-tools\adb.exe -P 5037 -s emulator-5554 shell dumpsys deviceidle whitelist +io.appium.settings ; dumpsys deviceidle whitelist +io.appium.uiautomator2.server ; dumpsys deviceidle whitelist +io.appium.uiautomator2.server.test ;'
[debug] [38;5;64m[ADB][0m Getting install status for com.fghilmany.dietmealapp
[debug] [38;5;64m[ADB][0m Running 'C:\Users\Asus\AppData\Local\Android\Sdk\platform-tools\adb.exe -P 5037 -s emulator-5554 shell dumpsys package com.fghilmany.dietmealapp'
[debug] [38;5;64m[ADB][0m 'com.fghilmany.dietmealapp' is installed
[debug] [38;5;32m[AndroidUiautomator2Driver@e6f8 (91b163e0)][0m noReset has been requested and the app is already installed. Doing nothing
[debug] [38;5;32m[AndroidUiautomator2Driver@e6f8 (91b163e0)][0m Performing shallow cleanup of automation leftovers
[debug] [38;5;32m[AndroidUiautomator2Driver@e6f8 (91b163e0)][0m No obsolete sessions have been detected (socket hang up)
[debug] [38;5;64m[ADB][0m Running 'C:\Users\Asus\AppData\Local\Android\Sdk\platform-tools\adb.exe -P 5037 -s emulator-5554 shell am force-stop io.appium.uiautomator2.server.test'
[38;5;32m[AndroidUiautomator2Driver@e6f8 (91b163e0)][0m Starting UIAutomator2 server 5.7.5
[38;5;32m[AndroidUiautomator2Driver@e6f8 (91b163e0)][0m Using UIAutomator2 server from 'E:\TugasAkhir\node_modules\appium-uiautomator2-driver\node_modules\appium-uiautomator2-server\apks\appium-uiautomator2-server-v5.7.5.apk' and test from 'E:\TugasAkhir\node_modules\appium-uiautomator2-driver\node_modules\appium-uiautomator2-server\apks\appium-uiautomator2-server-debug-androidTest.apk'
[38;5;32m[AndroidUiautomator2Driver@e6f8 (91b163e0)][0m Waiting up to 30000ms for UiAutomator2 to be online...
[debug] [38;5;64m[ADB][0m Creating ADB subprocess with args: ["-P",5037,"-s","emulator-5554","shell","am","instrument","-w","-e","disableAnalytics",true,"io.appium.uiautomator2.server.test/androidx.test.runner.AndroidJUnitRunner"]
[debug] [38;5;32m[AndroidUiautomator2Driver@e6f8 (91b163e0)][0m Matched '/status' to command name 'getStatus'
[debug] [38;5;32m[AndroidUiautomator2Driver@e6f8 (91b163e0)][0m Proxying [GET /status] to [GET http://127.0.0.1:8200/status] with no body
[38;5;32m[AndroidUiautomator2Driver@e6f8 (91b163e0)][0m socket hang up
[debug] [38;5;112m[Instrumentation][0m io.appium.uiautomator2.server.test.AppiumUiAutomator2Server:
[debug] [38;5;32m[AndroidUiautomator2Driver@e6f8 (91b163e0)][0m Matched '/status' to command name 'getStatus'
[debug] [38;5;32m[AndroidUiautomator2Driver@e6f8 (91b163e0)][0m Proxying [GET /status] to [GET http://127.0.0.1:8200/status] with no body
[38;5;32m[AndroidUiautomator2Driver@e6f8 (91b163e0)][0m socket hang up
[debug] [38;5;32m[AndroidUiautomator2Driver@e6f8 (91b163e0)][0m Matched '/status' to command name 'getStatus'
[debug] [38;5;32m[AndroidUiautomator2Driver@e6f8 (91b163e0)][0m Proxying [GET /status] to [GET http://127.0.0.1:8200/status] with no body
[debug] [38;5;32m[AndroidUiautomator2Driver@e6f8 (91b163e0)][0m Got response with status 200: {"sessionId":"None","value":{"message":"UiAutomator2 Server is ready to accept commands","ready":true}}
[debug] [38;5;32m[AndroidUiautomator2Driver@e6f8 (91b163e0)][0m The initialization of the instrumentation process took 2101ms
[debug] [38;5;32m[AndroidUiautomator2Driver@e6f8 (91b163e0)][0m Matched '/session' to command name 'createSession'
[debug] [38;5;32m[AndroidUiautomator2Driver@e6f8 (91b163e0)][0m Proxying [POST /session] to [POST http://127.0.0.1:8200/session] with body: {"capabilities":{"firstMatch":[{"platform":"LINUX","webStorageEnabled":false,"takesScreenshot":true,"javascriptEnabled":true,"databaseEnabled":false,"networkConnectionEnabled":true,"locationContextEnabled":false,"warnings":{},"desired":{"platformName":"Android","automationName":"UiAutomator2","deviceName":"2203121C","platformVersion":"9.0","app":"E:\\TugasAkhir\\test\\apk\\Diet_meal.apk","appPackage":"com.fghilmany.dietmealapp","appActivity":"com.fghilmany.dietmealapp.ui.main.MainActivity","noReset":true,"forceAppLaunch":true},"platformName":"Android","automationName":"UiAutomator2","deviceName":"emulator-5554","platformVersion":"9.0","app":"E:\\TugasAkhir\\test\\apk\\Diet_meal.apk","appPackage":"com.fghilmany.dietmealapp","appActivity":"com.fghilmany.dietmealapp.ui.main.MainActivity","noReset":true,"forceAppLaunch":true,"deviceUDID":"emulator-5554"}],"alwaysMatch":{}}}
[debug] [38;5;32m[AndroidUiautomator2Driver@e6f8 (91b163e0)][0m Got response with status 200: {"sessionId":"1669efcc-9b28-4279-84de-41ca748ff749","value":{"capabilities":{"firstMatch":[{"platform":"LINUX","webStorageEnabled":false,"takesScreenshot":true,"javascriptEnabled":true,"databaseEnabled":false,"networkConnectionEnabled":true,"locationContextEnabled":false,"warnings":{},"desired":{"platformName":"Android","automationName":"UiAutomator2","deviceName":"2203121C","platformVersion":"9.0","app":"E:\\TugasAkhir\\test\\apk\\Diet_meal.apk","appPackage":"com.fghilmany.dietmealapp","appActivity":"com.fghilmany.dietmealapp.ui.main.MainActivity","noReset":true,"forceAppLaunch":true},"platformName":"Android","automationName":"UiAutomator2","deviceName":"emulator-5554","platformVersion":"9.0","app":"E:\\TugasAkhir\\test\\apk\\Diet_meal.apk","appPackage":"com.fghilmany.dietmealapp","appActivity":"com.fghilmany.dietmealapp.ui.main.MainActivity","noReset":true,"forceAppLaunch":true,"deviceUDID":"emulator-5554"}],"alwaysMatch":{}},"sessionId":"1669efcc-9b28-4279-84de-41ca748ff749"}}
[38;5;32m[AndroidUiautomator2Driver@e6f8 (91b163e0)][0m Determined the downstream protocol as 'W3C'
[debug] [38;5;32m[AndroidUiautomator2Driver@e6f8 (91b163e0)][0m Proxying [GET /appium/device/info] to [GET http://127.0.0.1:8200/session/1669efcc-9b28-4279-84de-41ca748ff749/appium/device/info] with no body
[debug] [38;5;32m[AndroidUiautomator2Driver@e6f8 (91b163e0)][0m Got response with status 200: {"sessionId":"1669efcc-9b28-4279-84de-41ca748ff749","value":{"androidId":"5af13b7e59615b20","apiVersion":"28","bluetooth":{"state":"ON"},"brand":"Xiaomi","carrierName":"Indosat Ooredoo","displayDensity":320,"locale":"in_ID","manufacturer":"Xiaomi","model":"2203121C","networks":[{"capabilities":{"SSID":null,"linkDownBandwidthKbps":1048576,"linkUpstreamBandwidthKbps":1048576,"networkCapabilities":"NET_CAPABILITY_NOT_METERED,NET_CAPABILITY_INTERNET,NET_CAPABILITY_NOT_RESTRICTED,NET_CAPABILITY_TRUSTED,NET_CAPABILITY_NOT_VPN,NET_CAPABILITY_VALIDATED,NET_CAPABILITY_NOT_ROAMING,NET_CAPABILITY_FOREGROUND,NET_CAPABILITY_NOT_CONGESTED,NET_CAPABILITY_NOT_SUSPENDED","signalStrength":-50,"transportTypes":"TRANSPORT_WIFI"},"detailedState":"CONNECTED","extraInfo":null,"isAvailable":true,"isConnected":true,"isFailover":false,"isRoaming":false,"state":"CONNECTED","subtype":0,"subtypeName":"","type":1,"typeName":"WIFI"}],"platformVersion":"9","realDisplaySize":"720x1280","timeZone":"Asia/Bangkok"}}
[debug] [38;5;64m[ADB][0m Running 'C:\Users\Asus\AppData\Local\Android\Sdk\platform-tools\adb.exe -P 5037 -s emulator-5554 shell dumpsys window'
[38;5;80m[AndroidDriver][0m Screen already unlocked, doing nothing
[38;5;32m[AndroidUiautomator2Driver@e6f8 (91b163e0)][0m Starting 'com.fghilmany.dietmealapp/com.fghilmany.dietmealapp.ui.main.MainActivity and waiting for 'com.fghilmany.dietmealapp/com.fghilmany.dietmealapp.ui.main.MainActivity'
[debug] [38;5;64m[ADB][0m Running 'C:\Users\Asus\AppData\Local\Android\Sdk\platform-tools\adb.exe -P 5037 -s emulator-5554 shell am start -W -n com.fghilmany.dietmealapp/com.fghilmany.dietmealapp.ui.main.MainActivity -S -a android.intent.action.MAIN -c android.intent.category.LAUNCHER -f 0x10200000'
[debug] [38;5;32m[AndroidUiautomator2Driver@e6f8 (91b163e0)][0m Proxying [GET /appium/device/pixel_ratio] to [GET http://127.0.0.1:8200/session/1669efcc-9b28-4279-84de-41ca748ff749/appium/device/pixel_ratio] with no body
[debug] [38;5;32m[AndroidUiautomator2Driver@e6f8 (91b163e0)][0m Got response with status 200: {"sessionId":"1669efcc-9b28-4279-84de-41ca748ff749","value":2}
[debug] [38;5;32m[AndroidUiautomator2Driver@e6f8 (91b163e0)][0m Matched '/appium/device/system_bars' to command name 'getSystemBars'
[debug] [38;5;32m[AndroidUiautomator2Driver@e6f8 (91b163e0)][0m Proxying [GET /appium/device/system_bars] to [GET http://127.0.0.1:8200/session/1669efcc-9b28-4279-84de-41ca748ff749/appium/device/system_bars] with no body
[debug] [38;5;32m[AndroidUiautomator2Driver@e6f8 (91b163e0)][0m Got response with status 200: {"sessionId":"1669efcc-9b28-4279-84de-41ca748ff749","value":{"statusBar":48}}
[debug] [38;5;32m[AndroidUiautomator2Driver@e6f8 (91b163e0)][0m Matched '/window/current/size' to command name 'getWindowSize'
[debug] [38;5;32m[AndroidUiautomator2Driver@e6f8 (91b163e0)][0m Proxying [GET /window/current/size] to [GET http://127.0.0.1:8200/session/1669efcc-9b28-4279-84de-41ca748ff749/window/current/size] with no body
[debug] [38;5;32m[AndroidUiautomator2Driver@e6f8 (91b163e0)][0m Got response with status 200: {"sessionId":"1669efcc-9b28-4279-84de-41ca748ff749","value":{"height":1280,"width":720}}
[38;5;16m[AppiumDriver@b91b][0m New AndroidUiautomator2Driver session created successfully, session 91b163e0-b3d0-4a79-b831-68188bc388a4 added to master session list
[debug] [38;5;16m[AppiumDriver@b91b][0m Event 'newSessionStarted' logged at 1677292585261 (09:36:25 GMT+0700 (Western Indonesia Time))
[debug] [38;5;32m[AndroidUiautomator2Driver@e6f8 (91b163e0)][0m Cached the protocol value 'W3C' for the new session 91b163e0-b3d0-4a79-b831-68188bc388a4
[debug] [38;5;32m[AndroidUiautomator2Driver@e6f8 (91b163e0)][0m Responding to client with driver.createSession() result: {"capabilities":{"platform":"LINUX","webStorageEnabled":false,"takesScreenshot":true,"javascriptEnabled":true,"databaseEnabled":false,"networkConnectionEnabled":true,"locationContextEnabled":false,"warnings":{},"desired":{"platformName":"Android","automationName":"UiAutomator2","deviceName":"2203121C","platformVersion":"9.0","app":"E:\\TugasAkhir\\test\\apk\\Diet_meal.apk","appPackage":"com.fghilmany.dietmealapp","appActivity":"com.fghilmany.dietmealapp.ui.main.MainActivity","noReset":true,"forceAppLaunch":true},"platformName":"Android","automationName":"UiAutomator2","deviceName":"emulator-5554","platformVersion":"9","app":"E:\\TugasAkhir\\test\\apk\\Diet_meal.apk","appPackage":"com.fghilmany.dietmealapp","appActivity":"com.fghilmany.dietmealapp.ui.main.MainActivity","noReset":true,"forceAppLaunch":true,"deviceUDID":"emulator-5554","deviceApiLevel":28,"deviceScreenSize":"720x1280","deviceScreenDensity":320,"deviceModel":"2203121C","deviceManufacturer":"Xiaomi","pixelRatio":2,"statBarHeight":48,"viewportRe...
[38;5;0m[HTTP][0m [37m<-- POST /session [39m[32m200[39m [90m7807 ms - 1133[39m
[38;5;0m[HTTP][0m [90m[39m
[38;5;0m[HTTP][0m [37m-->[39m [37mPOST[39m [37m/session/91b163e0-b3d0-4a79-b831-68188bc388a4/element[39m
[38;5;0m[HTTP][0m [90m{"using":"css selector","value":"[text=\"Welcome...\"]"}[39m
[debug] [38;5;32m[AndroidUiautomator2Driver@e6f8 (91b163e0)][0m Calling AppiumDriver.findElement() with args: ["css selector","[text=\"Welcome...\"]","91b163e0-b3d0-4a79-b831-68188bc388a4"]
[debug] [38;5;32m[AndroidUiautomator2Driver@e6f8 (91b163e0)][0m Valid locator strategies for this request: xpath, id, class name, accessibility id, css selector, -android uiautomator
[debug] [38;5;32m[AndroidUiautomator2Driver@e6f8 (91b163e0)][0m Waiting up to 0 ms for condition
[debug] [38;5;32m[AndroidUiautomator2Driver@e6f8 (91b163e0)][0m Matched '/element' to command name 'findElement'
[debug] [38;5;32m[AndroidUiautomator2Driver@e6f8 (91b163e0)][0m Proxying [POST /element] to [POST http://127.0.0.1:8200/session/1669efcc-9b28-4279-84de-41ca748ff749/element] with body: {"strategy":"-android uiautomator","selector":"new UiSelector().text(\"Welcome...\")","context":"","multiple":false}
[38;5;32m[AndroidUiautomator2Driver@e6f8 (91b163e0)][0m Got response with status 404: {"sessionId":"1669efcc-9b28-4279-84de-41ca748ff749","value":{"error":"no such element","message":"An element could not be located on the page using the given search parameters","stacktrace":"io.appium.uiautomator2.common.exceptions.ElementNotFoundException: An element could not be located on the page using the given search parameters\n\tat io.appium.uiautomator2.handler.FindElement.safeHandle(FindElement.java:70)\n\tat io.appium.uiautomator2.handler.request.SafeRequestHandler.handle(SafeRequestHandler.java:59)\n\tat io.appium.uiautomator2.server.AppiumServlet.handleRequest(AppiumServlet.java:267)\n\tat io.appium.uiautomator2.server.AppiumServlet.handleHttpRequest(AppiumServlet.java:261)\n\tat io.appium.uiautomator2.http.ServerHandler.channelRead(ServerHandler.java:68)\n\tat io.netty.channel.AbstractChannelHandlerContext.invokeChannelRead(AbstractChannelHandlerContext.java:366)\n\tat io.netty.channel.AbstractChannelHandlerContext.invokeChannelRead(AbstractChannelHandlerContext.java:352)\n\tat io.netty.chann...
[debug] [38;5;128m[W3C][0m Matched W3C error code 'no such element' to NoSuchElementError
[debug] [38;5;32m[AndroidUiautomator2Driver@e6f8 (91b163e0)][0m Encountered internal error running command: NoSuchElementError: An element could not be located on the page using the given search parameters.
[debug] [38;5;32m[AndroidUiautomator2Driver@e6f8 (91b163e0)][0m     at AndroidUiautomator2Driver.findElOrEls (E:\TugasAkhir\node_modules\appium-uiautomator2-driver\node_modules\appium-android-driver\lib\commands\find.js:75:11)
[debug] [38;5;32m[AndroidUiautomator2Driver@e6f8 (91b163e0)][0m     at processTicksAndRejections (node:internal/process/task_queues:95:5)
[debug] [38;5;32m[AndroidUiautomator2Driver@e6f8 (91b163e0)][0m     at AndroidUiautomator2Driver.findElOrElsWithProcessing (E:\TugasAkhir\node_modules\@appium\base-driver\lib\basedriver\commands\find.js:81:16)
[debug] [38;5;32m[AndroidUiautomator2Driver@e6f8 (91b163e0)][0m     at AndroidUiautomator2Driver.findElement (E:\TugasAkhir\node_modules\@appium\base-driver\lib\basedriver\commands\find.js:21:14)
[38;5;0m[HTTP][0m [37m<-- POST /session/91b163e0-b3d0-4a79-b831-68188bc388a4/element [39m[33m404[39m [90m294 ms - 785[39m
[38;5;0m[HTTP][0m [90m[39m
[38;5;0m[HTTP][0m [37m-->[39m [37mPOST[39m [37m/session/91b163e0-b3d0-4a79-b831-68188bc388a4/elements[39m
[38;5;0m[HTTP][0m [90m{"using":"css selector","value":"[text=\"Welcome...\"]"}[39m
[debug] [38;5;32m[AndroidUiautomator2Driver@e6f8 (91b163e0)][0m Calling AppiumDriver.findElements() with args: ["css selector","[text=\"Welcome...\"]","91b163e0-b3d0-4a79-b831-68188bc388a4"]
[debug] [38;5;32m[AndroidUiautomator2Driver@e6f8 (91b163e0)][0m Valid locator strategies for this request: xpath, id, class name, accessibility id, css selector, -android uiautomator
[debug] [38;5;32m[AndroidUiautomator2Driver@e6f8 (91b163e0)][0m Waiting up to 0 ms for condition
[debug] [38;5;32m[AndroidUiautomator2Driver@e6f8 (91b163e0)][0m Matched '/elements' to command name 'findElements'
[debug] [38;5;32m[AndroidUiautomator2Driver@e6f8 (91b163e0)][0m Proxying [POST /elements] to [POST http://127.0.0.1:8200/session/1669efcc-9b28-4279-84de-41ca748ff749/elements] with body: {"strategy":"-android uiautomator","selector":"new UiSelector().text(\"Welcome...\")","context":"","multiple":true}
[debug] [38;5;32m[AndroidUiautomator2Driver@e6f8 (91b163e0)][0m Got response with status 200: {"sessionId":"1669efcc-9b28-4279-84de-41ca748ff749","value":[]}
[debug] [38;5;32m[AndroidUiautomator2Driver@e6f8 (91b163e0)][0m Responding to client with driver.findElements() result: []
[38;5;0m[HTTP][0m [37m<-- POST /session/91b163e0-b3d0-4a79-b831-68188bc388a4/elements [39m[32m200[39m [90m40 ms - 12[39m
[38;5;0m[HTTP][0m [90m[39m
[38;5;0m[HTTP][0m [37m-->[39m [37mPOST[39m [37m/session/91b163e0-b3d0-4a79-b831-68188bc388a4/elements[39m
[38;5;0m[HTTP][0m [90m{"using":"css selector","value":"[text=\"Welcome...\"]"}[39m
[debug] [38;5;32m[AndroidUiautomator2Driver@e6f8 (91b163e0)][0m Calling AppiumDriver.findElements() with args: ["css selector","[text=\"Welcome...\"]","91b163e0-b3d0-4a79-b831-68188bc388a4"]
[debug] [38;5;32m[AndroidUiautomator2Driver@e6f8 (91b163e0)][0m Valid locator strategies for this request: xpath, id, class name, accessibility id, css selector, -android uiautomator
[debug] [38;5;32m[AndroidUiautomator2Driver@e6f8 (91b163e0)][0m Waiting up to 0 ms for condition
[debug] [38;5;32m[AndroidUiautomator2Driver@e6f8 (91b163e0)][0m Matched '/elements' to command name 'findElements'
[debug] [38;5;32m[AndroidUiautomator2Driver@e6f8 (91b163e0)][0m Proxying [POST /elements] to [POST http://127.0.0.1:8200/session/1669efcc-9b28-4279-84de-41ca748ff749/elements] with body: {"strategy":"-android uiautomator","selector":"new UiSelector().text(\"Welcome...\")","context":"","multiple":true}
[debug] [38;5;32m[AndroidUiautomator2Driver@e6f8 (91b163e0)][0m Got response with status 200: {"sessionId":"1669efcc-9b28-4279-84de-41ca748ff749","value":[]}
[debug] [38;5;32m[AndroidUiautomator2Driver@e6f8 (91b163e0)][0m Responding to client with driver.findElements() result: []
[38;5;0m[HTTP][0m [37m<-- POST /session/91b163e0-b3d0-4a79-b831-68188bc388a4/elements [39m[32m200[39m [90m37 ms - 12[39m
[38;5;0m[HTTP][0m [90m[39m
[38;5;0m[HTTP][0m [37m-->[39m [37mPOST[39m [37m/session/91b163e0-b3d0-4a79-b831-68188bc388a4/elements[39m
[38;5;0m[HTTP][0m [90m{"using":"css selector","value":"[text=\"Welcome...\"]"}[39m
[debug] [38;5;32m[AndroidUiautomator2Driver@e6f8 (91b163e0)][0m Calling AppiumDriver.findElements() with args: ["css selector","[text=\"Welcome...\"]","91b163e0-b3d0-4a79-b831-68188bc388a4"]
[debug] [38;5;32m[AndroidUiautomator2Driver@e6f8 (91b163e0)][0m Valid locator strategies for this request: xpath, id, class name, accessibility id, css selector, -android uiautomator
[debug] [38;5;32m[AndroidUiautomator2Driver@e6f8 (91b163e0)][0m Waiting up to 0 ms for condition
[debug] [38;5;32m[AndroidUiautomator2Driver@e6f8 (91b163e0)][0m Matched '/elements' to command name 'findElements'
[debug] [38;5;32m[AndroidUiautomator2Driver@e6f8 (91b163e0)][0m Proxying [POST /elements] to [POST http://127.0.0.1:8200/session/1669efcc-9b28-4279-84de-41ca748ff749/elements] with body: {"strategy":"-android uiautomator","selector":"new UiSelector().text(\"Welcome...\")","context":"","multiple":true}
[debug] [38;5;32m[AndroidUiautomator2Driver@e6f8 (91b163e0)][0m Got response with status 200: {"sessionId":"1669efcc-9b28-4279-84de-41ca748ff749","value":[]}
[debug] [38;5;32m[AndroidUiautomator2Driver@e6f8 (91b163e0)][0m Responding to client with driver.findElements() result: []
[38;5;0m[HTTP][0m [37m<-- POST /session/91b163e0-b3d0-4a79-b831-68188bc388a4/elements [39m[32m200[39m [90m23 ms - 12[39m
[38;5;0m[HTTP][0m [90m[39m
[38;5;0m[HTTP][0m [37m-->[39m [37mPOST[39m [37m/session/91b163e0-b3d0-4a79-b831-68188bc388a4/elements[39m
[38;5;0m[HTTP][0m [90m{"using":"css selector","value":"[text=\"Welcome...\"]"}[39m
[debug] [38;5;32m[AndroidUiautomator2Driver@e6f8 (91b163e0)][0m Calling AppiumDriver.findElements() with args: ["css selector","[text=\"Welcome...\"]","91b163e0-b3d0-4a79-b831-68188bc388a4"]
[debug] [38;5;32m[AndroidUiautomator2Driver@e6f8 (91b163e0)][0m Valid locator strategies for this request: xpath, id, class name, accessibility id, css selector, -android uiautomator
[debug] [38;5;32m[AndroidUiautomator2Driver@e6f8 (91b163e0)][0m Waiting up to 0 ms for condition
[debug] [38;5;32m[AndroidUiautomator2Driver@e6f8 (91b163e0)][0m Matched '/elements' to command name 'findElements'
[debug] [38;5;32m[AndroidUiautomator2Driver@e6f8 (91b163e0)][0m Proxying [POST /elements] to [POST http://127.0.0.1:8200/session/1669efcc-9b28-4279-84de-41ca748ff749/elements] with body: {"strategy":"-android uiautomator","selector":"new UiSelector().text(\"Welcome...\")","context":"","multiple":true}
[debug] [38;5;32m[AndroidUiautomator2Driver@e6f8 (91b163e0)][0m Got response with status 200: {"sessionId":"1669efcc-9b28-4279-84de-41ca748ff749","value":[]}
[debug] [38;5;32m[AndroidUiautomator2Driver@e6f8 (91b163e0)][0m Responding to client with driver.findElements() result: []
[38;5;0m[HTTP][0m [37m<-- POST /session/91b163e0-b3d0-4a79-b831-68188bc388a4/elements [39m[32m200[39m [90m30 ms - 12[39m
[38;5;0m[HTTP][0m [90m[39m
[38;5;0m[HTTP][0m [37m-->[39m [37mPOST[39m [37m/session/91b163e0-b3d0-4a79-b831-68188bc388a4/elements[39m
[38;5;0m[HTTP][0m [90m{"using":"css selector","value":"[text=\"Welcome...\"]"}[39m
[debug] [38;5;32m[AndroidUiautomator2Driver@e6f8 (91b163e0)][0m Calling AppiumDriver.findElements() with args: ["css selector","[text=\"Welcome...\"]","91b163e0-b3d0-4a79-b831-68188bc388a4"]
[debug] [38;5;32m[AndroidUiautomator2Driver@e6f8 (91b163e0)][0m Valid locator strategies for this request: xpath, id, class name, accessibility id, css selector, -android uiautomator
[debug] [38;5;32m[AndroidUiautomator2Driver@e6f8 (91b163e0)][0m Waiting up to 0 ms for condition
[debug] [38;5;32m[AndroidUiautomator2Driver@e6f8 (91b163e0)][0m Matched '/elements' to command name 'findElements'
[debug] [38;5;32m[AndroidUiautomator2Driver@e6f8 (91b163e0)][0m Proxying [POST /elements] to [POST http://127.0.0.1:8200/session/1669efcc-9b28-4279-84de-41ca748ff749/elements] with body: {"strategy":"-android uiautomator","selector":"new UiSelector().text(\"Welcome...\")","context":"","multiple":true}
[debug] [38;5;32m[AndroidUiautomator2Driver@e6f8 (91b163e0)][0m Got response with status 200: {"sessionId":"1669efcc-9b28-4279-84de-41ca748ff749","value":[]}
[debug] [38;5;32m[AndroidUiautomator2Driver@e6f8 (91b163e0)][0m Responding to client with driver.findElements() result: []
[38;5;0m[HTTP][0m [37m<-- POST /session/91b163e0-b3d0-4a79-b831-68188bc388a4/elements [39m[32m200[39m [90m132 ms - 12[39m
[38;5;0m[HTTP][0m [90m[39m
[38;5;0m[HTTP][0m [37m-->[39m [37mPOST[39m [37m/session/91b163e0-b3d0-4a79-b831-68188bc388a4/elements[39m
[38;5;0m[HTTP][0m [90m{"using":"css selector","value":"[text=\"Welcome...\"]"}[39m
[debug] [38;5;32m[AndroidUiautomator2Driver@e6f8 (91b163e0)][0m Calling AppiumDriver.findElements() with args: ["css selector","[text=\"Welcome...\"]","91b163e0-b3d0-4a79-b831-68188bc388a4"]
[debug] [38;5;32m[AndroidUiautomator2Driver@e6f8 (91b163e0)][0m Valid locator strategies for this request: xpath, id, class name, accessibility id, css selector, -android uiautomator
[debug] [38;5;32m[AndroidUiautomator2Driver@e6f8 (91b163e0)][0m Waiting up to 0 ms for condition
[debug] [38;5;32m[AndroidUiautomator2Driver@e6f8 (91b163e0)][0m Matched '/elements' to command name 'findElements'
[debug] [38;5;32m[AndroidUiautomator2Driver@e6f8 (91b163e0)][0m Proxying [POST /elements] to [POST http://127.0.0.1:8200/session/1669efcc-9b28-4279-84de-41ca748ff749/elements] with body: {"strategy":"-android uiautomator","selector":"new UiSelector().text(\"Welcome...\")","context":"","multiple":true}
[debug] [38;5;32m[AndroidUiautomator2Driver@e6f8 (91b163e0)][0m Got response with status 200: {"sessionId":"1669efcc-9b28-4279-84de-41ca748ff749","value":[{"ELEMENT":"00000000-0000-0027-ffff-ffff00000012","element-6066-11e4-a52e-4f735466cecf":"00000000-0000-0027-ffff-ffff00000012"}]}
[debug] [38;5;32m[AndroidUiautomator2Driver@e6f8 (91b163e0)][0m Responding to client with driver.findElements() result: [{"element-6066-11e4-a52e-4f735466cecf":"00000000-0000-0027-ffff-ffff00000012","ELEMENT":"00000000-0000-0027-ffff-ffff00000012"}]
[38;5;0m[HTTP][0m [37m<-- POST /session/91b163e0-b3d0-4a79-b831-68188bc388a4/elements [39m[32m200[39m [90m266 ms - 139[39m
[38;5;0m[HTTP][0m [90m[39m
[38;5;0m[HTTP][0m [37m-->[39m [37mPOST[39m [37m/session/91b163e0-b3d0-4a79-b831-68188bc388a4/element[39m
[38;5;0m[HTTP][0m [90m{"using":"css selector","value":"[text=\"Welcome...\"]"}[39m
[debug] [38;5;32m[AndroidUiautomator2Driver@e6f8 (91b163e0)][0m Calling AppiumDriver.findElement() with args: ["css selector","[text=\"Welcome...\"]","91b163e0-b3d0-4a79-b831-68188bc388a4"]
[debug] [38;5;32m[AndroidUiautomator2Driver@e6f8 (91b163e0)][0m Valid locator strategies for this request: xpath, id, class name, accessibility id, css selector, -android uiautomator
[debug] [38;5;32m[AndroidUiautomator2Driver@e6f8 (91b163e0)][0m Waiting up to 0 ms for condition
[debug] [38;5;32m[AndroidUiautomator2Driver@e6f8 (91b163e0)][0m Matched '/element' to command name 'findElement'
[debug] [38;5;32m[AndroidUiautomator2Driver@e6f8 (91b163e0)][0m Proxying [POST /element] to [POST http://127.0.0.1:8200/session/1669efcc-9b28-4279-84de-41ca748ff749/element] with body: {"strategy":"-android uiautomator","selector":"new UiSelector().text(\"Welcome...\")","context":"","multiple":false}
[debug] [38;5;32m[AndroidUiautomator2Driver@e6f8 (91b163e0)][0m Got response with status 200: {"sessionId":"1669efcc-9b28-4279-84de-41ca748ff749","value":{"ELEMENT":"00000000-0000-0027-ffff-ffff00000012","element-6066-11e4-a52e-4f735466cecf":"00000000-0000-0027-ffff-ffff00000012"}}
[debug] [38;5;32m[AndroidUiautomator2Driver@e6f8 (91b163e0)][0m Responding to client with driver.findElement() result: {"element-6066-11e4-a52e-4f735466cecf":"00000000-0000-0027-ffff-ffff00000012","ELEMENT":"00000000-0000-0027-ffff-ffff00000012"}
[38;5;0m[HTTP][0m [37m<-- POST /session/91b163e0-b3d0-4a79-b831-68188bc388a4/element [39m[32m200[39m [90m38 ms - 137[39m
[38;5;0m[HTTP][0m [90m[39m
[38;5;0m[HTTP][0m [37m-->[39m [37mGET[39m [37m/session/91b163e0-b3d0-4a79-b831-68188bc388a4/element/00000000-0000-0027-ffff-ffff00000012/text[39m
[38;5;0m[HTTP][0m [90m{}[39m
[38;5;32m[AndroidUiautomator2Driver@e6f8 (91b163e0)][0m Driver proxy active, passing request on via HTTP proxy
[debug] [38;5;32m[AndroidUiautomator2Driver@e6f8 (91b163e0)][0m Matched '/session/91b163e0-b3d0-4a79-b831-68188bc388a4/element/00000000-0000-0027-ffff-ffff00000012/text' to command name 'getText'
[debug] [38;5;32m[AndroidUiautomator2Driver@e6f8 (91b163e0)][0m Proxying [GET /session/91b163e0-b3d0-4a79-b831-68188bc388a4/element/00000000-0000-0027-ffff-ffff00000012/text] to [GET http://127.0.0.1:8200/session/1669efcc-9b28-4279-84de-41ca748ff749/element/00000000-0000-0027-ffff-ffff00000012/text] with no body
[debug] [38;5;32m[AndroidUiautomator2Driver@e6f8 (91b163e0)][0m Got response with status 200: {"sessionId":"1669efcc-9b28-4279-84de-41ca748ff749","value":"Welcome..."}
[38;5;32m[AndroidUiautomator2Driver@e6f8 (91b163e0)][0m Replacing sessionId 1669efcc-9b28-4279-84de-41ca748ff749 with 91b163e0-b3d0-4a79-b831-68188bc388a4
[38;5;0m[HTTP][0m [37m<-- GET /session/91b163e0-b3d0-4a79-b831-68188bc388a4/element/00000000-0000-0027-ffff-ffff00000012/text [39m[32m200[39m [90m31 ms - 73[39m
[38;5;0m[HTTP][0m [90m[39m
[38;5;0m[HTTP][0m [37m-->[39m [37mPOST[39m [37m/session/91b163e0-b3d0-4a79-b831-68188bc388a4/element[39m
[38;5;0m[HTTP][0m [90m{"using":"css selector","value":"[id=\"com.fghilmany.dietmealapp:id/tv_header_desc\"]"}[39m
[debug] [38;5;32m[AndroidUiautomator2Driver@e6f8 (91b163e0)][0m Calling AppiumDriver.findElement() with args: ["css selector","[id=\"com.fghilmany.dietmealapp:id/tv_header_desc\"]","91b163e0-b3d0-4a79-b831-68188bc388a4"]
[debug] [38;5;32m[AndroidUiautomator2Driver@e6f8 (91b163e0)][0m Valid locator strategies for this request: xpath, id, class name, accessibility id, css selector, -android uiautomator
[debug] [38;5;32m[AndroidUiautomator2Driver@e6f8 (91b163e0)][0m Waiting up to 0 ms for condition
[debug] [38;5;32m[AndroidUiautomator2Driver@e6f8 (91b163e0)][0m Matched '/element' to command name 'findElement'
[debug] [38;5;32m[AndroidUiautomator2Driver@e6f8 (91b163e0)][0m Proxying [POST /element] to [POST http://127.0.0.1:8200/session/1669efcc-9b28-4279-84de-41ca748ff749/element] with body: {"strategy":"-android uiautomator","selector":"new UiSelector().resourceId(\"com.fghilmany.dietmealapp:id/tv_header_desc\")","context":"","multiple":false}
[debug] [38;5;32m[AndroidUiautomator2Driver@e6f8 (91b163e0)][0m Got response with status 200: {"sessionId":"1669efcc-9b28-4279-84de-41ca748ff749","value":{"ELEMENT":"00000000-0000-0027-ffff-ffff00000011","element-6066-11e4-a52e-4f735466cecf":"00000000-0000-0027-ffff-ffff00000011"}}
[debug] [38;5;32m[AndroidUiautomator2Driver@e6f8 (91b163e0)][0m Responding to client with driver.findElement() result: {"element-6066-11e4-a52e-4f735466cecf":"00000000-0000-0027-ffff-ffff00000011","ELEMENT":"00000000-0000-0027-ffff-ffff00000011"}
[38;5;0m[HTTP][0m [37m<-- POST /session/91b163e0-b3d0-4a79-b831-68188bc388a4/element [39m[32m200[39m [90m20 ms - 137[39m
[38;5;0m[HTTP][0m [90m[39m
[38;5;0m[HTTP][0m [37m-->[39m [37mGET[39m [37m/session/91b163e0-b3d0-4a79-b831-68188bc388a4/element/00000000-0000-0027-ffff-ffff00000011/text[39m
[38;5;0m[HTTP][0m [90m{}[39m
[38;5;32m[AndroidUiautomator2Driver@e6f8 (91b163e0)][0m Driver proxy active, passing request on via HTTP proxy
[debug] [38;5;32m[AndroidUiautomator2Driver@e6f8 (91b163e0)][0m Matched '/session/91b163e0-b3d0-4a79-b831-68188bc388a4/element/00000000-0000-0027-ffff-ffff00000011/text' to command name 'getText'
[debug] [38;5;32m[AndroidUiautomator2Driver@e6f8 (91b163e0)][0m Proxying [GET /session/91b163e0-b3d0-4a79-b831-68188bc388a4/element/00000000-0000-0027-ffff-ffff00000011/text] to [GET http://127.0.0.1:8200/session/1669efcc-9b28-4279-84de-41ca748ff749/element/00000000-0000-0027-ffff-ffff00000011/text] with no body
[debug] [38;5;32m[AndroidUiautomator2Driver@e6f8 (91b163e0)][0m Got response with status 200: {"sessionId":"1669efcc-9b28-4279-84de-41ca748ff749","value":"Isi formulir untuk membuat/menambahkan user"}
[38;5;32m[AndroidUiautomator2Driver@e6f8 (91b163e0)][0m Replacing sessionId 1669efcc-9b28-4279-84de-41ca748ff749 with 91b163e0-b3d0-4a79-b831-68188bc388a4
[38;5;0m[HTTP][0m [37m<-- GET /session/91b163e0-b3d0-4a79-b831-68188bc388a4/element/00000000-0000-0027-ffff-ffff00000011/text [39m[32m200[39m [90m27 ms - 106[39m
[38;5;0m[HTTP][0m [90m[39m
[38;5;0m[HTTP][0m [37m-->[39m [37mPOST[39m [37m/session/91b163e0-b3d0-4a79-b831-68188bc388a4/element[39m
[38;5;0m[HTTP][0m [90m{"using":"css selector","value":"[text=\"Name\"]"}[39m
[debug] [38;5;32m[AndroidUiautomator2Driver@e6f8 (91b163e0)][0m Calling AppiumDriver.findElement() with args: ["css selector","[text=\"Name\"]","91b163e0-b3d0-4a79-b831-68188bc388a4"]
[debug] [38;5;32m[AndroidUiautomator2Driver@e6f8 (91b163e0)][0m Valid locator strategies for this request: xpath, id, class name, accessibility id, css selector, -android uiautomator
[debug] [38;5;32m[AndroidUiautomator2Driver@e6f8 (91b163e0)][0m Waiting up to 0 ms for condition
[debug] [38;5;32m[AndroidUiautomator2Driver@e6f8 (91b163e0)][0m Matched '/element' to command name 'findElement'
[debug] [38;5;32m[AndroidUiautomator2Driver@e6f8 (91b163e0)][0m Proxying [POST /element] to [POST http://127.0.0.1:8200/session/1669efcc-9b28-4279-84de-41ca748ff749/element] with body: {"strategy":"-android uiautomator","selector":"new UiSelector().text(\"Name\")","context":"","multiple":false}
[debug] [38;5;32m[AndroidUiautomator2Driver@e6f8 (91b163e0)][0m Got response with status 200: {"sessionId":"1669efcc-9b28-4279-84de-41ca748ff749","value":{"ELEMENT":"00000000-0000-0027-ffff-ffff00000022","element-6066-11e4-a52e-4f735466cecf":"00000000-0000-0027-ffff-ffff00000022"}}
[debug] [38;5;32m[AndroidUiautomator2Driver@e6f8 (91b163e0)][0m Responding to client with driver.findElement() result: {"element-6066-11e4-a52e-4f735466cecf":"00000000-0000-0027-ffff-ffff00000022","ELEMENT":"00000000-0000-0027-ffff-ffff00000022"}
[38;5;0m[HTTP][0m [37m<-- POST /session/91b163e0-b3d0-4a79-b831-68188bc388a4/element [39m[32m200[39m [90m19 ms - 137[39m
[38;5;0m[HTTP][0m [90m[39m
[38;5;0m[HTTP][0m [37m-->[39m [37mPOST[39m [37m/session/91b163e0-b3d0-4a79-b831-68188bc388a4/element/00000000-0000-0027-ffff-ffff00000022/clear[39m
[38;5;0m[HTTP][0m [90m{}[39m
[debug] [38;5;32m[AndroidUiautomator2Driver@e6f8 (91b163e0)][0m Calling AppiumDriver.clear() with args: ["00000000-0000-0027-ffff-ffff00000022","91b163e0-b3d0-4a79-b831-68188bc388a4"]
[debug] [38;5;32m[AndroidUiautomator2Driver@e6f8 (91b163e0)][0m Matched '/element/00000000-0000-0027-ffff-ffff00000022/clear' to command name 'clear'
[debug] [38;5;32m[AndroidUiautomator2Driver@e6f8 (91b163e0)][0m Proxying [POST /element/00000000-0000-0027-ffff-ffff00000022/clear] to [POST http://127.0.0.1:8200/session/1669efcc-9b28-4279-84de-41ca748ff749/element/00000000-0000-0027-ffff-ffff00000022/clear] with body: {"elementId":"00000000-0000-0027-ffff-ffff00000022"}
[debug] [38;5;32m[AndroidUiautomator2Driver@e6f8 (91b163e0)][0m Got response with status 200: {"sessionId":"1669efcc-9b28-4279-84de-41ca748ff749","value":null}
[debug] [38;5;32m[AndroidUiautomator2Driver@e6f8 (91b163e0)][0m Responding to client with driver.clear() result: null
[38;5;0m[HTTP][0m [37m<-- POST /session/91b163e0-b3d0-4a79-b831-68188bc388a4/element/00000000-0000-0027-ffff-ffff00000022/clear [39m[32m200[39m [90m38 ms - 14[39m
[38;5;0m[HTTP][0m [90m[39m
[38;5;0m[HTTP][0m [37m-->[39m [37mPOST[39m [37m/session/91b163e0-b3d0-4a79-b831-68188bc388a4/element/00000000-0000-0027-ffff-ffff00000022/value[39m
[38;5;0m[HTTP][0m [90m{"text":"Dava"}[39m
[debug] [38;5;32m[AndroidUiautomator2Driver@e6f8 (91b163e0)][0m Calling AppiumDriver.setValue() with args: ["Dava","00000000-0000-0027-ffff-ffff00000022","91b163e0-b3d0-4a79-b831-68188bc388a4"]
[debug] [38;5;32m[AndroidUiautomator2Driver@e6f8 (91b163e0)][0m Matched '/element/00000000-0000-0027-ffff-ffff00000022/value' to command name 'setValue'
[debug] [38;5;32m[AndroidUiautomator2Driver@e6f8 (91b163e0)][0m Added 'value' property ["D","a","v","a"] to 'setValue' request body
[debug] [38;5;32m[AndroidUiautomator2Driver@e6f8 (91b163e0)][0m Proxying [POST /element/00000000-0000-0027-ffff-ffff00000022/value] to [POST http://127.0.0.1:8200/session/1669efcc-9b28-4279-84de-41ca748ff749/element/00000000-0000-0027-ffff-ffff00000022/value] with body: {"elementId":"00000000-0000-0027-ffff-ffff00000022","text":"Dava","replace":false,"value":["D","a","v","a"]}
[debug] [38;5;32m[AndroidUiautomator2Driver@e6f8 (91b163e0)][0m Got response with status 200: {"sessionId":"1669efcc-9b28-4279-84de-41ca748ff749","value":null}
[debug] [38;5;32m[AndroidUiautomator2Driver@e6f8 (91b163e0)][0m Responding to client with driver.setValue() result: null
[38;5;0m[HTTP][0m [37m<-- POST /session/91b163e0-b3d0-4a79-b831-68188bc388a4/element/00000000-0000-0027-ffff-ffff00000022/value [39m[32m200[39m [90m1039 ms - 14[39m
[38;5;0m[HTTP][0m [90m[39m
[38;5;0m[HTTP][0m [37m-->[39m [37mPOST[39m [37m/session/91b163e0-b3d0-4a79-b831-68188bc388a4/element[39m
[38;5;0m[HTTP][0m [90m{"using":"css selector","value":"[text=\"Weight\"]"}[39m
[debug] [38;5;32m[AndroidUiautomator2Driver@e6f8 (91b163e0)][0m Calling AppiumDriver.findElement() with args: ["css selector","[text=\"Weight\"]","91b163e0-b3d0-4a79-b831-68188bc388a4"]
[debug] [38;5;32m[AndroidUiautomator2Driver@e6f8 (91b163e0)][0m Valid locator strategies for this request: xpath, id, class name, accessibility id, css selector, -android uiautomator
[debug] [38;5;32m[AndroidUiautomator2Driver@e6f8 (91b163e0)][0m Waiting up to 0 ms for condition
[debug] [38;5;32m[AndroidUiautomator2Driver@e6f8 (91b163e0)][0m Matched '/element' to command name 'findElement'
[debug] [38;5;32m[AndroidUiautomator2Driver@e6f8 (91b163e0)][0m Proxying [POST /element] to [POST http://127.0.0.1:8200/session/1669efcc-9b28-4279-84de-41ca748ff749/element] with body: {"strategy":"-android uiautomator","selector":"new UiSelector().text(\"Weight\")","context":"","multiple":false}
[debug] [38;5;32m[AndroidUiautomator2Driver@e6f8 (91b163e0)][0m Got response with status 200: {"sessionId":"1669efcc-9b28-4279-84de-41ca748ff749","value":{"ELEMENT":"00000000-0000-0027-ffff-ffff0000001e","element-6066-11e4-a52e-4f735466cecf":"00000000-0000-0027-ffff-ffff0000001e"}}
[debug] [38;5;32m[AndroidUiautomator2Driver@e6f8 (91b163e0)][0m Responding to client with driver.findElement() result: {"element-6066-11e4-a52e-4f735466cecf":"00000000-0000-0027-ffff-ffff0000001e","ELEMENT":"00000000-0000-0027-ffff-ffff0000001e"}
[38;5;0m[HTTP][0m [37m<-- POST /session/91b163e0-b3d0-4a79-b831-68188bc388a4/element [39m[32m200[39m [90m514 ms - 137[39m
[38;5;0m[HTTP][0m [90m[39m
[38;5;0m[HTTP][0m [37m-->[39m [37mPOST[39m [37m/session/91b163e0-b3d0-4a79-b831-68188bc388a4/element/00000000-0000-0027-ffff-ffff0000001e/clear[39m
[38;5;0m[HTTP][0m [90m{}[39m
[debug] [38;5;32m[AndroidUiautomator2Driver@e6f8 (91b163e0)][0m Calling AppiumDriver.clear() with args: ["00000000-0000-0027-ffff-ffff0000001e","91b163e0-b3d0-4a79-b831-68188bc388a4"]
[debug] [38;5;32m[AndroidUiautomator2Driver@e6f8 (91b163e0)][0m Matched '/element/00000000-0000-0027-ffff-ffff0000001e/clear' to command name 'clear'
[debug] [38;5;32m[AndroidUiautomator2Driver@e6f8 (91b163e0)][0m Proxying [POST /element/00000000-0000-0027-ffff-ffff0000001e/clear] to [POST http://127.0.0.1:8200/session/1669efcc-9b28-4279-84de-41ca748ff749/element/00000000-0000-0027-ffff-ffff0000001e/clear] with body: {"elementId":"00000000-0000-0027-ffff-ffff0000001e"}
[debug] [38;5;32m[AndroidUiautomator2Driver@e6f8 (91b163e0)][0m Got response with status 200: {"sessionId":"1669efcc-9b28-4279-84de-41ca748ff749","value":null}
[debug] [38;5;32m[AndroidUiautomator2Driver@e6f8 (91b163e0)][0m Responding to client with driver.clear() result: null
[38;5;0m[HTTP][0m [37m<-- POST /session/91b163e0-b3d0-4a79-b831-68188bc388a4/element/00000000-0000-0027-ffff-ffff0000001e/clear [39m[32m200[39m [90m32 ms - 14[39m
[38;5;0m[HTTP][0m [90m[39m
[38;5;0m[HTTP][0m [37m-->[39m [37mPOST[39m [37m/session/91b163e0-b3d0-4a79-b831-68188bc388a4/element/00000000-0000-0027-ffff-ffff0000001e/value[39m
[38;5;0m[HTTP][0m [90m{"text":"50"}[39m
[debug] [38;5;32m[AndroidUiautomator2Driver@e6f8 (91b163e0)][0m Calling AppiumDriver.setValue() with args: ["50","00000000-0000-0027-ffff-ffff0000001e","91b163e0-b3d0-4a79-b831-68188bc388a4"]
[debug] [38;5;32m[AndroidUiautomator2Driver@e6f8 (91b163e0)][0m Matched '/element/00000000-0000-0027-ffff-ffff0000001e/value' to command name 'setValue'
[debug] [38;5;32m[AndroidUiautomator2Driver@e6f8 (91b163e0)][0m Added 'value' property ["5","0"] to 'setValue' request body
[debug] [38;5;32m[AndroidUiautomator2Driver@e6f8 (91b163e0)][0m Proxying [POST /element/00000000-0000-0027-ffff-ffff0000001e/value] to [POST http://127.0.0.1:8200/session/1669efcc-9b28-4279-84de-41ca748ff749/element/00000000-0000-0027-ffff-ffff0000001e/value] with body: {"elementId":"00000000-0000-0027-ffff-ffff0000001e","text":"50","replace":false,"value":["5","0"]}
[debug] [38;5;32m[AndroidUiautomator2Driver@e6f8 (91b163e0)][0m Got response with status 200: {"sessionId":"1669efcc-9b28-4279-84de-41ca748ff749","value":null}
[debug] [38;5;32m[AndroidUiautomator2Driver@e6f8 (91b163e0)][0m Responding to client with driver.setValue() result: null
[38;5;0m[HTTP][0m [37m<-- POST /session/91b163e0-b3d0-4a79-b831-68188bc388a4/element/00000000-0000-0027-ffff-ffff0000001e/value [39m[32m200[39m [90m1067 ms - 14[39m
[38;5;0m[HTTP][0m [90m[39m
[38;5;0m[HTTP][0m [37m-->[39m [37mPOST[39m [37m/session/91b163e0-b3d0-4a79-b831-68188bc388a4/element[39m
[38;5;0m[HTTP][0m [90m{"using":"css selector","value":"[text=\"Height\"]"}[39m
[debug] [38;5;32m[AndroidUiautomator2Driver@e6f8 (91b163e0)][0m Calling AppiumDriver.findElement() with args: ["css selector","[text=\"Height\"]","91b163e0-b3d0-4a79-b831-68188bc388a4"]
[debug] [38;5;32m[AndroidUiautomator2Driver@e6f8 (91b163e0)][0m Valid locator strategies for this request: xpath, id, class name, accessibility id, css selector, -android uiautomator
[debug] [38;5;32m[AndroidUiautomator2Driver@e6f8 (91b163e0)][0m Waiting up to 0 ms for condition
[debug] [38;5;32m[AndroidUiautomator2Driver@e6f8 (91b163e0)][0m Matched '/element' to command name 'findElement'
[debug] [38;5;32m[AndroidUiautomator2Driver@e6f8 (91b163e0)][0m Proxying [POST /element] to [POST http://127.0.0.1:8200/session/1669efcc-9b28-4279-84de-41ca748ff749/element] with body: {"strategy":"-android uiautomator","selector":"new UiSelector().text(\"Height\")","context":"","multiple":false}
[debug] [38;5;32m[AndroidUiautomator2Driver@e6f8 (91b163e0)][0m Got response with status 200: {"sessionId":"1669efcc-9b28-4279-84de-41ca748ff749","value":{"ELEMENT":"00000000-0000-0027-ffff-ffff0000001a","element-6066-11e4-a52e-4f735466cecf":"00000000-0000-0027-ffff-ffff0000001a"}}
[debug] [38;5;32m[AndroidUiautomator2Driver@e6f8 (91b163e0)][0m Responding to client with driver.findElement() result: {"element-6066-11e4-a52e-4f735466cecf":"00000000-0000-0027-ffff-ffff0000001a","ELEMENT":"00000000-0000-0027-ffff-ffff0000001a"}
[38;5;0m[HTTP][0m [37m<-- POST /session/91b163e0-b3d0-4a79-b831-68188bc388a4/element [39m[32m200[39m [90m618 ms - 137[39m
[38;5;0m[HTTP][0m [90m[39m
[38;5;0m[HTTP][0m [37m-->[39m [37mPOST[39m [37m/session/91b163e0-b3d0-4a79-b831-68188bc388a4/element/00000000-0000-0027-ffff-ffff0000001a/clear[39m
[38;5;0m[HTTP][0m [90m{}[39m
[debug] [38;5;32m[AndroidUiautomator2Driver@e6f8 (91b163e0)][0m Calling AppiumDriver.clear() with args: ["00000000-0000-0027-ffff-ffff0000001a","91b163e0-b3d0-4a79-b831-68188bc388a4"]
[debug] [38;5;32m[AndroidUiautomator2Driver@e6f8 (91b163e0)][0m Matched '/element/00000000-0000-0027-ffff-ffff0000001a/clear' to command name 'clear'
[debug] [38;5;32m[AndroidUiautomator2Driver@e6f8 (91b163e0)][0m Proxying [POST /element/00000000-0000-0027-ffff-ffff0000001a/clear] to [POST http://127.0.0.1:8200/session/1669efcc-9b28-4279-84de-41ca748ff749/element/00000000-0000-0027-ffff-ffff0000001a/clear] with body: {"elementId":"00000000-0000-0027-ffff-ffff0000001a"}
[debug] [38;5;32m[AndroidUiautomator2Driver@e6f8 (91b163e0)][0m Got response with status 200: {"sessionId":"1669efcc-9b28-4279-84de-41ca748ff749","value":null}
[debug] [38;5;32m[AndroidUiautomator2Driver@e6f8 (91b163e0)][0m Responding to client with driver.clear() result: null
[38;5;0m[HTTP][0m [37m<-- POST /session/91b163e0-b3d0-4a79-b831-68188bc388a4/element/00000000-0000-0027-ffff-ffff0000001a/clear [39m[32m200[39m [90m23 ms - 14[39m
[38;5;0m[HTTP][0m [90m[39m
[38;5;0m[HTTP][0m [37m-->[39m [37mPOST[39m [37m/session/91b163e0-b3d0-4a79-b831-68188bc388a4/element/00000000-0000-0027-ffff-ffff0000001a/value[39m
[38;5;0m[HTTP][0m [90m{"text":"165"}[39m
[debug] [38;5;32m[AndroidUiautomator2Driver@e6f8 (91b163e0)][0m Calling AppiumDriver.setValue() with args: ["165","00000000-0000-0027-ffff-ffff0000001a","91b163e0-b3d0-4a79-b831-68188bc388a4"]
[debug] [38;5;32m[AndroidUiautomator2Driver@e6f8 (91b163e0)][0m Matched '/element/00000000-0000-0027-ffff-ffff0000001a/value' to command name 'setValue'
[debug] [38;5;32m[AndroidUiautomator2Driver@e6f8 (91b163e0)][0m Added 'value' property ["1","6","5"] to 'setValue' request body
[debug] [38;5;32m[AndroidUiautomator2Driver@e6f8 (91b163e0)][0m Proxying [POST /element/00000000-0000-0027-ffff-ffff0000001a/value] to [POST http://127.0.0.1:8200/session/1669efcc-9b28-4279-84de-41ca748ff749/element/00000000-0000-0027-ffff-ffff0000001a/value] with body: {"elementId":"00000000-0000-0027-ffff-ffff0000001a","text":"165","replace":false,"value":["1","6","5"]}
[debug] [38;5;32m[AndroidUiautomator2Driver@e6f8 (91b163e0)][0m Got response with status 200: {"sessionId":"1669efcc-9b28-4279-84de-41ca748ff749","value":null}
[debug] [38;5;32m[AndroidUiautomator2Driver@e6f8 (91b163e0)][0m Responding to client with driver.setValue() result: null
[38;5;0m[HTTP][0m [37m<-- POST /session/91b163e0-b3d0-4a79-b831-68188bc388a4/element/00000000-0000-0027-ffff-ffff0000001a/value [39m[32m200[39m [90m1068 ms - 14[39m
[38;5;0m[HTTP][0m [90m[39m
[38;5;0m[HTTP][0m [37m-->[39m [37mPOST[39m [37m/session/91b163e0-b3d0-4a79-b831-68188bc388a4/element[39m
[38;5;0m[HTTP][0m [90m{"using":"css selector","value":"[id=\"com.fghilmany.dietmealapp:id/rb_female\"]"}[39m
[debug] [38;5;32m[AndroidUiautomator2Driver@e6f8 (91b163e0)][0m Calling AppiumDriver.findElement() with args: ["css selector","[id=\"com.fghilmany.dietmealapp:id/rb_female\"]","91b163e0-b3d0-4a79-b831-68188bc388a4"]
[debug] [38;5;32m[AndroidUiautomator2Driver@e6f8 (91b163e0)][0m Valid locator strategies for this request: xpath, id, class name, accessibility id, css selector, -android uiautomator
[debug] [38;5;32m[AndroidUiautomator2Driver@e6f8 (91b163e0)][0m Waiting up to 0 ms for condition
[debug] [38;5;32m[AndroidUiautomator2Driver@e6f8 (91b163e0)][0m Matched '/element' to command name 'findElement'
[debug] [38;5;32m[AndroidUiautomator2Driver@e6f8 (91b163e0)][0m Proxying [POST /element] to [POST http://127.0.0.1:8200/session/1669efcc-9b28-4279-84de-41ca748ff749/element] with body: {"strategy":"-android uiautomator","selector":"new UiSelector().resourceId(\"com.fghilmany.dietmealapp:id/rb_female\")","context":"","multiple":false}
[debug] [38;5;32m[AndroidUiautomator2Driver@e6f8 (91b163e0)][0m Got response with status 200: {"sessionId":"1669efcc-9b28-4279-84de-41ca748ff749","value":{"ELEMENT":"00000000-0000-0027-ffff-ffff00000013","element-6066-11e4-a52e-4f735466cecf":"00000000-0000-0027-ffff-ffff00000013"}}
[debug] [38;5;32m[AndroidUiautomator2Driver@e6f8 (91b163e0)][0m Responding to client with driver.findElement() result: {"element-6066-11e4-a52e-4f735466cecf":"00000000-0000-0027-ffff-ffff00000013","ELEMENT":"00000000-0000-0027-ffff-ffff00000013"}
[38;5;0m[HTTP][0m [37m<-- POST /session/91b163e0-b3d0-4a79-b831-68188bc388a4/element [39m[32m200[39m [90m625 ms - 137[39m
[38;5;0m[HTTP][0m [90m[39m
[38;5;0m[HTTP][0m [37m-->[39m [37mPOST[39m [37m/session/91b163e0-b3d0-4a79-b831-68188bc388a4/element/00000000-0000-0027-ffff-ffff00000013/click[39m
[38;5;0m[HTTP][0m [90m{}[39m
[debug] [38;5;32m[AndroidUiautomator2Driver@e6f8 (91b163e0)][0m Calling AppiumDriver.click() with args: ["00000000-0000-0027-ffff-ffff00000013","91b163e0-b3d0-4a79-b831-68188bc388a4"]
[debug] [38;5;32m[AndroidUiautomator2Driver@e6f8 (91b163e0)][0m Matched '/element/00000000-0000-0027-ffff-ffff00000013/click' to command name 'click'
[debug] [38;5;32m[AndroidUiautomator2Driver@e6f8 (91b163e0)][0m Proxying [POST /element/00000000-0000-0027-ffff-ffff00000013/click] to [POST http://127.0.0.1:8200/session/1669efcc-9b28-4279-84de-41ca748ff749/element/00000000-0000-0027-ffff-ffff00000013/click] with body: {"element":"00000000-0000-0027-ffff-ffff00000013"}
[debug] [38;5;32m[AndroidUiautomator2Driver@e6f8 (91b163e0)][0m Got response with status 200: {"sessionId":"1669efcc-9b28-4279-84de-41ca748ff749","value":null}
[debug] [38;5;32m[AndroidUiautomator2Driver@e6f8 (91b163e0)][0m Responding to client with driver.click() result: null
[38;5;0m[HTTP][0m [37m<-- POST /session/91b163e0-b3d0-4a79-b831-68188bc388a4/element/00000000-0000-0027-ffff-ffff00000013/click [39m[32m200[39m [90m27 ms - 14[39m
[38;5;0m[HTTP][0m [90m[39m
[38;5;0m[HTTP][0m [37m-->[39m [37mPOST[39m [37m/session/91b163e0-b3d0-4a79-b831-68188bc388a4/element[39m
[38;5;0m[HTTP][0m [90m{"using":"css selector","value":"[id=\"com.fghilmany.dietmealapp:id/bt_next\"]"}[39m
[debug] [38;5;32m[AndroidUiautomator2Driver@e6f8 (91b163e0)][0m Calling AppiumDriver.findElement() with args: ["css selector","[id=\"com.fghilmany.dietmealapp:id/bt_next\"]","91b163e0-b3d0-4a79-b831-68188bc388a4"]
[debug] [38;5;32m[AndroidUiautomator2Driver@e6f8 (91b163e0)][0m Valid locator strategies for this request: xpath, id, class name, accessibility id, css selector, -android uiautomator
[debug] [38;5;32m[AndroidUiautomator2Driver@e6f8 (91b163e0)][0m Waiting up to 0 ms for condition
[debug] [38;5;32m[AndroidUiautomator2Driver@e6f8 (91b163e0)][0m Matched '/element' to command name 'findElement'
[debug] [38;5;32m[AndroidUiautomator2Driver@e6f8 (91b163e0)][0m Proxying [POST /element] to [POST http://127.0.0.1:8200/session/1669efcc-9b28-4279-84de-41ca748ff749/element] with body: {"strategy":"-android uiautomator","selector":"new UiSelector().resourceId(\"com.fghilmany.dietmealapp:id/bt_next\")","context":"","multiple":false}
[debug] [38;5;32m[AndroidUiautomator2Driver@e6f8 (91b163e0)][0m Got response with status 200: {"sessionId":"1669efcc-9b28-4279-84de-41ca748ff749","value":{"ELEMENT":"00000000-0000-0027-ffff-ffff0000000b","element-6066-11e4-a52e-4f735466cecf":"00000000-0000-0027-ffff-ffff0000000b"}}
[debug] [38;5;32m[AndroidUiautomator2Driver@e6f8 (91b163e0)][0m Responding to client with driver.findElement() result: {"element-6066-11e4-a52e-4f735466cecf":"00000000-0000-0027-ffff-ffff0000000b","ELEMENT":"00000000-0000-0027-ffff-ffff0000000b"}
[38;5;0m[HTTP][0m [37m<-- POST /session/91b163e0-b3d0-4a79-b831-68188bc388a4/element [39m[32m200[39m [90m33 ms - 137[39m
[38;5;0m[HTTP][0m [90m[39m
[38;5;0m[HTTP][0m [37m-->[39m [37mPOST[39m [37m/session/91b163e0-b3d0-4a79-b831-68188bc388a4/element/00000000-0000-0027-ffff-ffff0000000b/click[39m
[38;5;0m[HTTP][0m [90m{}[39m
[debug] [38;5;32m[AndroidUiautomator2Driver@e6f8 (91b163e0)][0m Calling AppiumDriver.click() with args: ["00000000-0000-0027-ffff-ffff0000000b","91b163e0-b3d0-4a79-b831-68188bc388a4"]
[debug] [38;5;32m[AndroidUiautomator2Driver@e6f8 (91b163e0)][0m Matched '/element/00000000-0000-0027-ffff-ffff0000000b/click' to command name 'click'
[debug] [38;5;32m[AndroidUiautomator2Driver@e6f8 (91b163e0)][0m Proxying [POST /element/00000000-0000-0027-ffff-ffff0000000b/click] to [POST http://127.0.0.1:8200/session/1669efcc-9b28-4279-84de-41ca748ff749/element/00000000-0000-0027-ffff-ffff0000000b/click] with body: {"element":"00000000-0000-0027-ffff-ffff0000000b"}
[debug] [38;5;32m[AndroidUiautomator2Driver@e6f8 (91b163e0)][0m Got response with status 200: {"sessionId":"1669efcc-9b28-4279-84de-41ca748ff749","value":null}
[debug] [38;5;32m[AndroidUiautomator2Driver@e6f8 (91b163e0)][0m Responding to client with driver.click() result: null
[38;5;0m[HTTP][0m [37m<-- POST /session/91b163e0-b3d0-4a79-b831-68188bc388a4/element/00000000-0000-0027-ffff-ffff0000000b/click [39m[32m200[39m [90m516 ms - 14[39m
[38;5;0m[HTTP][0m [90m[39m
[38;5;0m[HTTP][0m [37m-->[39m [37mPOST[39m [37m/session/91b163e0-b3d0-4a79-b831-68188bc388a4/element[39m
[38;5;0m[HTTP][0m [90m{"using":"css selector","value":"[id=\"com.fghilmany.dietmealapp:id/tv_header_desc\"]"}[39m
[debug] [38;5;32m[AndroidUiautomator2Driver@e6f8 (91b163e0)][0m Calling AppiumDriver.findElement() with args: ["css selector","[id=\"com.fghilmany.dietmealapp:id/tv_header_desc\"]","91b163e0-b3d0-4a79-b831-68188bc388a4"]
[debug] [38;5;32m[AndroidUiautomator2Driver@e6f8 (91b163e0)][0m Valid locator strategies for this request: xpath, id, class name, accessibility id, css selector, -android uiautomator
[debug] [38;5;32m[AndroidUiautomator2Driver@e6f8 (91b163e0)][0m Waiting up to 0 ms for condition
[debug] [38;5;32m[AndroidUiautomator2Driver@e6f8 (91b163e0)][0m Matched '/element' to command name 'findElement'
[debug] [38;5;32m[AndroidUiautomator2Driver@e6f8 (91b163e0)][0m Proxying [POST /element] to [POST http://127.0.0.1:8200/session/1669efcc-9b28-4279-84de-41ca748ff749/element] with body: {"strategy":"-android uiautomator","selector":"new UiSelector().resourceId(\"com.fghilmany.dietmealapp:id/tv_header_desc\")","context":"","multiple":false}
[debug] [38;5;32m[AndroidUiautomator2Driver@e6f8 (91b163e0)][0m Got response with status 200: {"sessionId":"1669efcc-9b28-4279-84de-41ca748ff749","value":{"ELEMENT":"00000000-0000-0027-ffff-ffff00000035","element-6066-11e4-a52e-4f735466cecf":"00000000-0000-0027-ffff-ffff00000035"}}
[debug] [38;5;32m[AndroidUiautomator2Driver@e6f8 (91b163e0)][0m Responding to client with driver.findElement() result: {"element-6066-11e4-a52e-4f735466cecf":"00000000-0000-0027-ffff-ffff00000035","ELEMENT":"00000000-0000-0027-ffff-ffff00000035"}
[38;5;0m[HTTP][0m [37m<-- POST /session/91b163e0-b3d0-4a79-b831-68188bc388a4/element [39m[32m200[39m [90m688 ms - 137[39m
[38;5;0m[HTTP][0m [90m[39m
[38;5;0m[HTTP][0m [37m-->[39m [37mGET[39m [37m/session/91b163e0-b3d0-4a79-b831-68188bc388a4/element/00000000-0000-0027-ffff-ffff00000035/text[39m
[38;5;0m[HTTP][0m [90m{}[39m
[38;5;32m[AndroidUiautomator2Driver@e6f8 (91b163e0)][0m Driver proxy active, passing request on via HTTP proxy
[debug] [38;5;32m[AndroidUiautomator2Driver@e6f8 (91b163e0)][0m Matched '/session/91b163e0-b3d0-4a79-b831-68188bc388a4/element/00000000-0000-0027-ffff-ffff00000035/text' to command name 'getText'
[debug] [38;5;32m[AndroidUiautomator2Driver@e6f8 (91b163e0)][0m Proxying [GET /session/91b163e0-b3d0-4a79-b831-68188bc388a4/element/00000000-0000-0027-ffff-ffff00000035/text] to [GET http://127.0.0.1:8200/session/1669efcc-9b28-4279-84de-41ca748ff749/element/00000000-0000-0027-ffff-ffff00000035/text] with no body
[debug] [38;5;32m[AndroidUiautomator2Driver@e6f8 (91b163e0)][0m Got response with status 200: {"sessionId":"1669efcc-9b28-4279-84de-41ca748ff749","value":"Isi formulir untuk membuat/menambahkan user"}
[38;5;32m[AndroidUiautomator2Driver@e6f8 (91b163e0)][0m Replacing sessionId 1669efcc-9b28-4279-84de-41ca748ff749 with 91b163e0-b3d0-4a79-b831-68188bc388a4
[38;5;0m[HTTP][0m [37m<-- GET /session/91b163e0-b3d0-4a79-b831-68188bc388a4/element/00000000-0000-0027-ffff-ffff00000035/text [39m[32m200[39m [90m15 ms - 106[39m
[38;5;0m[HTTP][0m [90m[39m
[38;5;0m[HTTP][0m [37m-->[39m [37mPOST[39m [37m/session/91b163e0-b3d0-4a79-b831-68188bc388a4/element[39m
[38;5;0m[HTTP][0m [90m{"using":"css selector","value":"[id=\"com.fghilmany.dietmealapp:id/title_activity\"]"}[39m
[debug] [38;5;32m[AndroidUiautomator2Driver@e6f8 (91b163e0)][0m Calling AppiumDriver.findElement() with args: ["css selector","[id=\"com.fghilmany.dietmealapp:id/title_activity\"]","91b163e0-b3d0-4a79-b831-68188bc388a4"]
[debug] [38;5;32m[AndroidUiautomator2Driver@e6f8 (91b163e0)][0m Valid locator strategies for this request: xpath, id, class name, accessibility id, css selector, -android uiautomator
[debug] [38;5;32m[AndroidUiautomator2Driver@e6f8 (91b163e0)][0m Waiting up to 0 ms for condition
[debug] [38;5;32m[AndroidUiautomator2Driver@e6f8 (91b163e0)][0m Matched '/element' to command name 'findElement'
[debug] [38;5;32m[AndroidUiautomator2Driver@e6f8 (91b163e0)][0m Proxying [POST /element] to [POST http://127.0.0.1:8200/session/1669efcc-9b28-4279-84de-41ca748ff749/element] with body: {"strategy":"-android uiautomator","selector":"new UiSelector().resourceId(\"com.fghilmany.dietmealapp:id/title_activity\")","context":"","multiple":false}
[debug] [38;5;32m[AndroidUiautomator2Driver@e6f8 (91b163e0)][0m Got response with status 200: {"sessionId":"1669efcc-9b28-4279-84de-41ca748ff749","value":{"ELEMENT":"00000000-0000-0027-ffff-ffff00000036","element-6066-11e4-a52e-4f735466cecf":"00000000-0000-0027-ffff-ffff00000036"}}
[debug] [38;5;32m[AndroidUiautomator2Driver@e6f8 (91b163e0)][0m Responding to client with driver.findElement() result: {"element-6066-11e4-a52e-4f735466cecf":"00000000-0000-0027-ffff-ffff00000036","ELEMENT":"00000000-0000-0027-ffff-ffff00000036"}
[38;5;0m[HTTP][0m [37m<-- POST /session/91b163e0-b3d0-4a79-b831-68188bc388a4/element [39m[32m200[39m [90m16 ms - 137[39m
[38;5;0m[HTTP][0m [90m[39m
[38;5;0m[HTTP][0m [37m-->[39m [37mGET[39m [37m/session/91b163e0-b3d0-4a79-b831-68188bc388a4/element/00000000-0000-0027-ffff-ffff00000036/text[39m
[38;5;0m[HTTP][0m [90m{}[39m
[38;5;32m[AndroidUiautomator2Driver@e6f8 (91b163e0)][0m Driver proxy active, passing request on via HTTP proxy
[debug] [38;5;32m[AndroidUiautomator2Driver@e6f8 (91b163e0)][0m Matched '/session/91b163e0-b3d0-4a79-b831-68188bc388a4/element/00000000-0000-0027-ffff-ffff00000036/text' to command name 'getText'
[debug] [38;5;32m[AndroidUiautomator2Driver@e6f8 (91b163e0)][0m Proxying [GET /session/91b163e0-b3d0-4a79-b831-68188bc388a4/element/00000000-0000-0027-ffff-ffff00000036/text] to [GET http://127.0.0.1:8200/session/1669efcc-9b28-4279-84de-41ca748ff749/element/00000000-0000-0027-ffff-ffff00000036/text] with no body
[debug] [38;5;32m[AndroidUiautomator2Driver@e6f8 (91b163e0)][0m Got response with status 200: {"sessionId":"1669efcc-9b28-4279-84de-41ca748ff749","value":"Aktivitas sehari-hari"}
[38;5;32m[AndroidUiautomator2Driver@e6f8 (91b163e0)][0m Replacing sessionId 1669efcc-9b28-4279-84de-41ca748ff749 with 91b163e0-b3d0-4a79-b831-68188bc388a4
[38;5;0m[HTTP][0m [37m<-- GET /session/91b163e0-b3d0-4a79-b831-68188bc388a4/element/00000000-0000-0027-ffff-ffff00000036/text [39m[32m200[39m [90m13 ms - 84[39m
[38;5;0m[HTTP][0m [90m[39m
[38;5;0m[HTTP][0m [37m-->[39m [37mPOST[39m [37m/session/91b163e0-b3d0-4a79-b831-68188bc388a4/element[39m
[38;5;0m[HTTP][0m [90m{"using":"css selector","value":"[text=\"Sekolah, Kuliah, Kerja Kantor, dsj.\"]"}[39m
[debug] [38;5;32m[AndroidUiautomator2Driver@e6f8 (91b163e0)][0m Calling AppiumDriver.findElement() with args: ["css selector","[text=\"Sekolah, Kuliah, Kerja Kantor, dsj.\"]","91b163e0-b3d0-4a79-b831-68188bc388a4"]
[debug] [38;5;32m[AndroidUiautomator2Driver@e6f8 (91b163e0)][0m Valid locator strategies for this request: xpath, id, class name, accessibility id, css selector, -android uiautomator
[debug] [38;5;32m[AndroidUiautomator2Driver@e6f8 (91b163e0)][0m Waiting up to 0 ms for condition
[debug] [38;5;32m[AndroidUiautomator2Driver@e6f8 (91b163e0)][0m Matched '/element' to command name 'findElement'
[debug] [38;5;32m[AndroidUiautomator2Driver@e6f8 (91b163e0)][0m Proxying [POST /element] to [POST http://127.0.0.1:8200/session/1669efcc-9b28-4279-84de-41ca748ff749/element] with body: {"strategy":"-android uiautomator","selector":"new UiSelector().text(\"Sekolah, Kuliah, Kerja Kantor, dsj.\")","context":"","multiple":false}
[debug] [38;5;32m[AndroidUiautomator2Driver@e6f8 (91b163e0)][0m Got response with status 200: {"sessionId":"1669efcc-9b28-4279-84de-41ca748ff749","value":{"ELEMENT":"00000000-0000-0027-ffff-ffff0000003b","element-6066-11e4-a52e-4f735466cecf":"00000000-0000-0027-ffff-ffff0000003b"}}
[debug] [38;5;32m[AndroidUiautomator2Driver@e6f8 (91b163e0)][0m Responding to client with driver.findElement() result: {"element-6066-11e4-a52e-4f735466cecf":"00000000-0000-0027-ffff-ffff0000003b","ELEMENT":"00000000-0000-0027-ffff-ffff0000003b"}
[38;5;0m[HTTP][0m [37m<-- POST /session/91b163e0-b3d0-4a79-b831-68188bc388a4/element [39m[32m200[39m [90m14 ms - 137[39m
[38;5;0m[HTTP][0m [90m[39m
[38;5;0m[HTTP][0m [37m-->[39m [37mPOST[39m [37m/session/91b163e0-b3d0-4a79-b831-68188bc388a4/element/00000000-0000-0027-ffff-ffff0000003b/click[39m
[38;5;0m[HTTP][0m [90m{}[39m
[debug] [38;5;32m[AndroidUiautomator2Driver@e6f8 (91b163e0)][0m Calling AppiumDriver.click() with args: ["00000000-0000-0027-ffff-ffff0000003b","91b163e0-b3d0-4a79-b831-68188bc388a4"]
[debug] [38;5;32m[AndroidUiautomator2Driver@e6f8 (91b163e0)][0m Matched '/element/00000000-0000-0027-ffff-ffff0000003b/click' to command name 'click'
[debug] [38;5;32m[AndroidUiautomator2Driver@e6f8 (91b163e0)][0m Proxying [POST /element/00000000-0000-0027-ffff-ffff0000003b/click] to [POST http://127.0.0.1:8200/session/1669efcc-9b28-4279-84de-41ca748ff749/element/00000000-0000-0027-ffff-ffff0000003b/click] with body: {"element":"00000000-0000-0027-ffff-ffff0000003b"}
[debug] [38;5;32m[AndroidUiautomator2Driver@e6f8 (91b163e0)][0m Got response with status 200: {"sessionId":"1669efcc-9b28-4279-84de-41ca748ff749","value":null}
[debug] [38;5;32m[AndroidUiautomator2Driver@e6f8 (91b163e0)][0m Responding to client with driver.click() result: null
[38;5;0m[HTTP][0m [37m<-- POST /session/91b163e0-b3d0-4a79-b831-68188bc388a4/element/00000000-0000-0027-ffff-ffff0000003b/click [39m[32m200[39m [90m24 ms - 14[39m
[38;5;0m[HTTP][0m [90m[39m
[38;5;0m[HTTP][0m [37m-->[39m [37mPOST[39m [37m/session/91b163e0-b3d0-4a79-b831-68188bc388a4/element[39m
[38;5;0m[HTTP][0m [90m{"using":"css selector","value":"[id=\"com.fghilmany.dietmealapp:id/bt_finish\"]"}[39m
[debug] [38;5;32m[AndroidUiautomator2Driver@e6f8 (91b163e0)][0m Calling AppiumDriver.findElement() with args: ["css selector","[id=\"com.fghilmany.dietmealapp:id/bt_finish\"]","91b163e0-b3d0-4a79-b831-68188bc388a4"]
[debug] [38;5;32m[AndroidUiautomator2Driver@e6f8 (91b163e0)][0m Valid locator strategies for this request: xpath, id, class name, accessibility id, css selector, -android uiautomator
[debug] [38;5;32m[AndroidUiautomator2Driver@e6f8 (91b163e0)][0m Waiting up to 0 ms for condition
[debug] [38;5;32m[AndroidUiautomator2Driver@e6f8 (91b163e0)][0m Matched '/element' to command name 'findElement'
[debug] [38;5;32m[AndroidUiautomator2Driver@e6f8 (91b163e0)][0m Proxying [POST /element] to [POST http://127.0.0.1:8200/session/1669efcc-9b28-4279-84de-41ca748ff749/element] with body: {"strategy":"-android uiautomator","selector":"new UiSelector().resourceId(\"com.fghilmany.dietmealapp:id/bt_finish\")","context":"","multiple":false}
[debug] [38;5;32m[AndroidUiautomator2Driver@e6f8 (91b163e0)][0m Got response with status 200: {"sessionId":"1669efcc-9b28-4279-84de-41ca748ff749","value":{"ELEMENT":"00000000-0000-0027-ffff-ffff0000003f","element-6066-11e4-a52e-4f735466cecf":"00000000-0000-0027-ffff-ffff0000003f"}}
[debug] [38;5;32m[AndroidUiautomator2Driver@e6f8 (91b163e0)][0m Responding to client with driver.findElement() result: {"element-6066-11e4-a52e-4f735466cecf":"00000000-0000-0027-ffff-ffff0000003f","ELEMENT":"00000000-0000-0027-ffff-ffff0000003f"}
[38;5;0m[HTTP][0m [37m<-- POST /session/91b163e0-b3d0-4a79-b831-68188bc388a4/element [39m[32m200[39m [90m517 ms - 137[39m
[38;5;0m[HTTP][0m [90m[39m
[38;5;0m[HTTP][0m [37m-->[39m [37mPOST[39m [37m/session/91b163e0-b3d0-4a79-b831-68188bc388a4/element/00000000-0000-0027-ffff-ffff0000003f/click[39m
[38;5;0m[HTTP][0m [90m{}[39m
[debug] [38;5;32m[AndroidUiautomator2Driver@e6f8 (91b163e0)][0m Calling AppiumDriver.click() with args: ["00000000-0000-0027-ffff-ffff0000003f","91b163e0-b3d0-4a79-b831-68188bc388a4"]
[debug] [38;5;32m[AndroidUiautomator2Driver@e6f8 (91b163e0)][0m Matched '/element/00000000-0000-0027-ffff-ffff0000003f/click' to command name 'click'
[debug] [38;5;32m[AndroidUiautomator2Driver@e6f8 (91b163e0)][0m Proxying [POST /element/00000000-0000-0027-ffff-ffff0000003f/click] to [POST http://127.0.0.1:8200/session/1669efcc-9b28-4279-84de-41ca748ff749/element/00000000-0000-0027-ffff-ffff0000003f/click] with body: {"element":"00000000-0000-0027-ffff-ffff0000003f"}
[debug] [38;5;32m[AndroidUiautomator2Driver@e6f8 (91b163e0)][0m Got response with status 200: {"sessionId":"1669efcc-9b28-4279-84de-41ca748ff749","value":null}
[debug] [38;5;32m[AndroidUiautomator2Driver@e6f8 (91b163e0)][0m Responding to client with driver.click() result: null
[38;5;0m[HTTP][0m [37m<-- POST /session/91b163e0-b3d0-4a79-b831-68188bc388a4/element/00000000-0000-0027-ffff-ffff0000003f/click [39m[32m200[39m [90m26 ms - 14[39m
[38;5;0m[HTTP][0m [90m[39m
[38;5;0m[HTTP][0m [37m-->[39m [37mPOST[39m [37m/session/91b163e0-b3d0-4a79-b831-68188bc388a4/element[39m
[38;5;0m[HTTP][0m [90m{"using":"css selector","value":"[text=\"Ready to some calories today?\"]"}[39m
[debug] [38;5;32m[AndroidUiautomator2Driver@e6f8 (91b163e0)][0m Calling AppiumDriver.findElement() with args: ["css selector","[text=\"Ready to some calories today?\"]","91b163e0-b3d0-4a79-b831-68188bc388a4"]
[debug] [38;5;32m[AndroidUiautomator2Driver@e6f8 (91b163e0)][0m Valid locator strategies for this request: xpath, id, class name, accessibility id, css selector, -android uiautomator
[debug] [38;5;32m[AndroidUiautomator2Driver@e6f8 (91b163e0)][0m Waiting up to 0 ms for condition
[debug] [38;5;32m[AndroidUiautomator2Driver@e6f8 (91b163e0)][0m Matched '/element' to command name 'findElement'
[debug] [38;5;32m[AndroidUiautomator2Driver@e6f8 (91b163e0)][0m Proxying [POST /element] to [POST http://127.0.0.1:8200/session/1669efcc-9b28-4279-84de-41ca748ff749/element] with body: {"strategy":"-android uiautomator","selector":"new UiSelector().text(\"Ready to some calories today?\")","context":"","multiple":false}
[debug] [38;5;32m[AndroidUiautomator2Driver@e6f8 (91b163e0)][0m Got response with status 200: {"sessionId":"1669efcc-9b28-4279-84de-41ca748ff749","value":{"ELEMENT":"00000000-0000-0028-ffff-ffff00000052","element-6066-11e4-a52e-4f735466cecf":"00000000-0000-0028-ffff-ffff00000052"}}
[debug] [38;5;32m[AndroidUiautomator2Driver@e6f8 (91b163e0)][0m Responding to client with driver.findElement() result: {"element-6066-11e4-a52e-4f735466cecf":"00000000-0000-0028-ffff-ffff00000052","ELEMENT":"00000000-0000-0028-ffff-ffff00000052"}
[38;5;0m[HTTP][0m [37m<-- POST /session/91b163e0-b3d0-4a79-b831-68188bc388a4/element [39m[32m200[39m [90m972 ms - 137[39m
[38;5;0m[HTTP][0m [90m[39m
[38;5;0m[HTTP][0m [37m-->[39m [37mGET[39m [37m/session/91b163e0-b3d0-4a79-b831-68188bc388a4/element/00000000-0000-0028-ffff-ffff00000052/text[39m
[38;5;0m[HTTP][0m [90m{}[39m
[38;5;32m[AndroidUiautomator2Driver@e6f8 (91b163e0)][0m Driver proxy active, passing request on via HTTP proxy
[debug] [38;5;32m[AndroidUiautomator2Driver@e6f8 (91b163e0)][0m Matched '/session/91b163e0-b3d0-4a79-b831-68188bc388a4/element/00000000-0000-0028-ffff-ffff00000052/text' to command name 'getText'
[debug] [38;5;32m[AndroidUiautomator2Driver@e6f8 (91b163e0)][0m Proxying [GET /session/91b163e0-b3d0-4a79-b831-68188bc388a4/element/00000000-0000-0028-ffff-ffff00000052/text] to [GET http://127.0.0.1:8200/session/1669efcc-9b28-4279-84de-41ca748ff749/element/00000000-0000-0028-ffff-ffff00000052/text] with no body
[debug] [38;5;32m[AndroidUiautomator2Driver@e6f8 (91b163e0)][0m Got response with status 200: {"sessionId":"1669efcc-9b28-4279-84de-41ca748ff749","value":"Ready to some calories today?"}
[38;5;32m[AndroidUiautomator2Driver@e6f8 (91b163e0)][0m Replacing sessionId 1669efcc-9b28-4279-84de-41ca748ff749 with 91b163e0-b3d0-4a79-b831-68188bc388a4
[38;5;0m[HTTP][0m [37m<-- GET /session/91b163e0-b3d0-4a79-b831-68188bc388a4/element/00000000-0000-0028-ffff-ffff00000052/text [39m[32m200[39m [90m19 ms - 92[39m
[38;5;0m[HTTP][0m [90m[39m
[38;5;0m[HTTP][0m [37m-->[39m [37mDELETE[39m [37m/session/91b163e0-b3d0-4a79-b831-68188bc388a4[39m
[38;5;0m[HTTP][0m [90m{}[39m
[debug] [38;5;32m[AndroidUiautomator2Driver@e6f8 (91b163e0)][0m Calling AppiumDriver.deleteSession() with args: ["91b163e0-b3d0-4a79-b831-68188bc388a4"]
[debug] [38;5;16m[AppiumDriver@b91b][0m Event 'quitSessionRequested' logged at 1677292596623 (09:36:36 GMT+0700 (Western Indonesia Time))
[38;5;16m[AppiumDriver@b91b][0m Removing session 91b163e0-b3d0-4a79-b831-68188bc388a4 from our master session list
[debug] [38;5;32m[AndroidUiautomator2Driver@e6f8 (91b163e0)][0m Deleting UiAutomator2 session
[debug] [38;5;32m[AndroidUiautomator2Driver@e6f8 (91b163e0)][0m Deleting UiAutomator2 server session
[debug] [38;5;32m[AndroidUiautomator2Driver@e6f8 (91b163e0)][0m Matched '/' to command name 'deleteSession'
[debug] [38;5;32m[AndroidUiautomator2Driver@e6f8 (91b163e0)][0m Proxying [DELETE /] to [DELETE http://127.0.0.1:8200/session/1669efcc-9b28-4279-84de-41ca748ff749] with no body
[debug] [38;5;32m[AndroidUiautomator2Driver@e6f8 (91b163e0)][0m Got response with status 200: {"sessionId":"1669efcc-9b28-4279-84de-41ca748ff749","value":null}
[debug] [38;5;96m[Logcat][0m Stopping logcat capture
[debug] [38;5;64m[ADB][0m Removing forwarded port socket connection: 8200 
[debug] [38;5;64m[ADB][0m Running 'C:\Users\Asus\AppData\Local\Android\Sdk\platform-tools\adb.exe -P 5037 -s emulator-5554 forward --remove tcp:8200'
[38;5;32m[AndroidUiautomator2Driver@e6f8 (91b163e0)][0m Restoring hidden api policy to the device default configuration
[debug] [38;5;64m[ADB][0m Running 'C:\Users\Asus\AppData\Local\Android\Sdk\platform-tools\adb.exe -P 5037 -s emulator-5554 shell 'settings delete global hidden_api_policy_pre_p_apps;settings delete global hidden_api_policy_p_apps;settings delete global hidden_api_policy''
[debug] [38;5;16m[AppiumDriver@b91b][0m Event 'quitSessionFinished' logged at 1677292596739 (09:36:36 GMT+0700 (Western Indonesia Time))
[debug] [38;5;16m[AppiumDriver@b91b][0m Received response: null
[debug] [38;5;16m[AppiumDriver@b91b][0m But deleting session, so not returning
[debug] [38;5;16m[AppiumDriver@b91b][0m Responding to client with driver.deleteSession() result: null
[38;5;0m[HTTP][0m [37m<-- DELETE /session/91b163e0-b3d0-4a79-b831-68188bc388a4 [39m[32m200[39m [90m117 ms - 14[39m
[38;5;0m[HTTP][0m [90m[39m
[debug] [38;5;112m[Instrumentation][0m .
[debug] [38;5;112m[Instrumentation][0m Time: 14,049
[debug] [38;5;112m[Instrumentation][0m 
[debug] [38;5;112m[Instrumentation][0m OK (1 test)
[debug] [38;5;112m[Instrumentation][0m The process has exited with code 0
